
AVRASM ver. 2.1.30  C:\Users\Fariba\Documents\GitHub\microprocessor_lab\experiment3\frequency_meter\code\Debug\List\frequency_meter.asm Mon Dec 28 20:23:36 2020

C:\Users\Fariba\Documents\GitHub\microprocessor_lab\experiment3\frequency_meter\code\Debug\List\frequency_meter.asm(1088): warning: Register r5 already defined by the .DEF directive
C:\Users\Fariba\Documents\GitHub\microprocessor_lab\experiment3\frequency_meter\code\Debug\List\frequency_meter.asm(1089): warning: Register r6 already defined by the .DEF directive
C:\Users\Fariba\Documents\GitHub\microprocessor_lab\experiment3\frequency_meter\code\Debug\List\frequency_meter.asm(1090): warning: Register r7 already defined by the .DEF directive
C:\Users\Fariba\Documents\GitHub\microprocessor_lab\experiment3\frequency_meter\code\Debug\List\frequency_meter.asm(1091): warning: Register r8 already defined by the .DEF directive
C:\Users\Fariba\Documents\GitHub\microprocessor_lab\experiment3\frequency_meter\code\Debug\List\frequency_meter.asm(1092): warning: Register r9 already defined by the .DEF directive
C:\Users\Fariba\Documents\GitHub\microprocessor_lab\experiment3\frequency_meter\code\Debug\List\frequency_meter.asm(1093): warning: Register r10 already defined by the .DEF directive
C:\Users\Fariba\Documents\GitHub\microprocessor_lab\experiment3\frequency_meter\code\Debug\List\frequency_meter.asm(1094): warning: Register r11 already defined by the .DEF directive
C:\Users\Fariba\Documents\GitHub\microprocessor_lab\experiment3\frequency_meter\code\Debug\List\frequency_meter.asm(1095): warning: Register r4 already defined by the .DEF directive
                 
                 
                 ;CodeVisionAVR C Compiler V3.12 Advanced
                 ;(C) Copyright 1998-2014 Pavel Haiduc, HP InfoTech s.r.l.
                 ;http://www.hpinfotech.com
                 
                 ;Build configuration    : Debug
                 ;Chip type              : ATmega16
                 ;Program type           : Application
                 ;Clock frequency        : 8.000000 MHz
                 ;Memory model           : Small
                 ;Optimize for           : Size
                 ;(s)printf features     : int, width
                 ;(s)scanf features      : int, width
                 ;External RAM size      : 0
                 ;Data Stack size        : 256 byte(s)
                 ;Heap size              : 0 byte(s)
                 ;Promote 'char' to 'int': Yes
                 ;'char' is unsigned     : Yes
                 ;8 bit enums            : Yes
                 ;Global 'const' stored in FLASH: Yes
                 ;Enhanced function parameter passing: Yes
                 ;Enhanced core instructions: On
                 ;Automatic register allocation for global variables: On
                 ;Smart register allocation: On
                 
                 	#define _MODEL_SMALL_
                 
                 	#pragma AVRPART ADMIN PART_NAME ATmega16
                 	#pragma AVRPART MEMORY PROG_FLASH 16384
                 	#pragma AVRPART MEMORY EEPROM 512
                 	#pragma AVRPART MEMORY INT_SRAM SIZE 1024
                 	#pragma AVRPART MEMORY INT_SRAM START_ADDR 0x60
                 
                 	#define CALL_SUPPORTED 1
                 
                 	.LISTMAC
                 	.EQU UDRE=0x5
                 	.EQU RXC=0x7
                 	.EQU USR=0xB
                 	.EQU UDR=0xC
                 	.EQU SPSR=0xE
                 	.EQU SPDR=0xF
                 	.EQU EERE=0x0
                 	.EQU EEWE=0x1
                 	.EQU EEMWE=0x2
                 	.EQU EECR=0x1C
                 	.EQU EEDR=0x1D
                 	.EQU EEARL=0x1E
                 	.EQU EEARH=0x1F
                 	.EQU WDTCR=0x21
                 	.EQU MCUCR=0x35
                 	.EQU GICR=0x3B
                 	.EQU SPL=0x3D
                 	.EQU SPH=0x3E
                 	.EQU SREG=0x3F
                 
                 	.DEF R0X0=R0
                 	.DEF R0X1=R1
                 	.DEF R0X2=R2
                 	.DEF R0X3=R3
                 	.DEF R0X4=R4
                 	.DEF R0X5=R5
                 	.DEF R0X6=R6
                 	.DEF R0X7=R7
                 	.DEF R0X8=R8
                 	.DEF R0X9=R9
                 	.DEF R0XA=R10
                 	.DEF R0XB=R11
                 	.DEF R0XC=R12
                 	.DEF R0XD=R13
                 	.DEF R0XE=R14
                 	.DEF R0XF=R15
                 	.DEF R0X10=R16
                 	.DEF R0X11=R17
                 	.DEF R0X12=R18
                 	.DEF R0X13=R19
                 	.DEF R0X14=R20
                 	.DEF R0X15=R21
                 	.DEF R0X16=R22
                 	.DEF R0X17=R23
                 	.DEF R0X18=R24
                 	.DEF R0X19=R25
                 	.DEF R0X1A=R26
                 	.DEF R0X1B=R27
                 	.DEF R0X1C=R28
                 	.DEF R0X1D=R29
                 	.DEF R0X1E=R30
                 	.DEF R0X1F=R31
                 
                 	.EQU __SRAM_START=0x0060
                 	.EQU __SRAM_END=0x045F
                 	.EQU __DSTACK_SIZE=0x0100
                 	.EQU __HEAP_SIZE=0x0000
                 	.EQU __CLEAR_SRAM_SIZE=__SRAM_END-__SRAM_START+1
                 
                 	.MACRO __CPD1N
                 	CPI  R30,LOW(@0)
                 	LDI  R26,HIGH(@0)
                 	CPC  R31,R26
                 	LDI  R26,BYTE3(@0)
                 	CPC  R22,R26
                 	LDI  R26,BYTE4(@0)
                 	CPC  R23,R26
                 	.ENDM
                 
                 	.MACRO __CPD2N
                 	CPI  R26,LOW(@0)
                 	LDI  R30,HIGH(@0)
                 	CPC  R27,R30
                 	LDI  R30,BYTE3(@0)
                 	CPC  R24,R30
                 	LDI  R30,BYTE4(@0)
                 	CPC  R25,R30
                 	.ENDM
                 
                 	.MACRO __CPWRR
                 	CP   R@0,R@2
                 	CPC  R@1,R@3
                 	.ENDM
                 
                 	.MACRO __CPWRN
                 	CPI  R@0,LOW(@2)
                 	LDI  R30,HIGH(@2)
                 	CPC  R@1,R30
                 	.ENDM
                 
                 	.MACRO __ADDB1MN
                 	SUBI R30,LOW(-@0-(@1))
                 	.ENDM
                 
                 	.MACRO __ADDB2MN
                 	SUBI R26,LOW(-@0-(@1))
                 	.ENDM
                 
                 	.MACRO __ADDW1MN
                 	SUBI R30,LOW(-@0-(@1))
                 	SBCI R31,HIGH(-@0-(@1))
                 	.ENDM
                 
                 	.MACRO __ADDW2MN
                 	SUBI R26,LOW(-@0-(@1))
                 	SBCI R27,HIGH(-@0-(@1))
                 	.ENDM
                 
                 	.MACRO __ADDW1FN
                 	SUBI R30,LOW(-2*@0-(@1))
                 	SBCI R31,HIGH(-2*@0-(@1))
                 	.ENDM
                 
                 	.MACRO __ADDD1FN
                 	SUBI R30,LOW(-2*@0-(@1))
                 	SBCI R31,HIGH(-2*@0-(@1))
                 	SBCI R22,BYTE3(-2*@0-(@1))
                 	.ENDM
                 
                 	.MACRO __ADDD1N
                 	SUBI R30,LOW(-@0)
                 	SBCI R31,HIGH(-@0)
                 	SBCI R22,BYTE3(-@0)
                 	SBCI R23,BYTE4(-@0)
                 	.ENDM
                 
                 	.MACRO __ADDD2N
                 	SUBI R26,LOW(-@0)
                 	SBCI R27,HIGH(-@0)
                 	SBCI R24,BYTE3(-@0)
                 	SBCI R25,BYTE4(-@0)
                 	.ENDM
                 
                 	.MACRO __SUBD1N
                 	SUBI R30,LOW(@0)
                 	SBCI R31,HIGH(@0)
                 	SBCI R22,BYTE3(@0)
                 	SBCI R23,BYTE4(@0)
                 	.ENDM
                 
                 	.MACRO __SUBD2N
                 	SUBI R26,LOW(@0)
                 	SBCI R27,HIGH(@0)
                 	SBCI R24,BYTE3(@0)
                 	SBCI R25,BYTE4(@0)
                 	.ENDM
                 
                 	.MACRO __ANDBMNN
                 	LDS  R30,@0+(@1)
                 	ANDI R30,LOW(@2)
                 	STS  @0+(@1),R30
                 	.ENDM
                 
                 	.MACRO __ANDWMNN
                 	LDS  R30,@0+(@1)
                 	ANDI R30,LOW(@2)
                 	STS  @0+(@1),R30
                 	LDS  R30,@0+(@1)+1
                 	ANDI R30,HIGH(@2)
                 	STS  @0+(@1)+1,R30
                 	.ENDM
                 
                 	.MACRO __ANDD1N
                 	ANDI R30,LOW(@0)
                 	ANDI R31,HIGH(@0)
                 	ANDI R22,BYTE3(@0)
                 	ANDI R23,BYTE4(@0)
                 	.ENDM
                 
                 	.MACRO __ANDD2N
                 	ANDI R26,LOW(@0)
                 	ANDI R27,HIGH(@0)
                 	ANDI R24,BYTE3(@0)
                 	ANDI R25,BYTE4(@0)
                 	.ENDM
                 
                 	.MACRO __ORBMNN
                 	LDS  R30,@0+(@1)
                 	ORI  R30,LOW(@2)
                 	STS  @0+(@1),R30
                 	.ENDM
                 
                 	.MACRO __ORWMNN
                 	LDS  R30,@0+(@1)
                 	ORI  R30,LOW(@2)
                 	STS  @0+(@1),R30
                 	LDS  R30,@0+(@1)+1
                 	ORI  R30,HIGH(@2)
                 	STS  @0+(@1)+1,R30
                 	.ENDM
                 
                 	.MACRO __ORD1N
                 	ORI  R30,LOW(@0)
                 	ORI  R31,HIGH(@0)
                 	ORI  R22,BYTE3(@0)
                 	ORI  R23,BYTE4(@0)
                 	.ENDM
                 
                 	.MACRO __ORD2N
                 	ORI  R26,LOW(@0)
                 	ORI  R27,HIGH(@0)
                 	ORI  R24,BYTE3(@0)
                 	ORI  R25,BYTE4(@0)
                 	.ENDM
                 
                 	.MACRO __DELAY_USB
                 	LDI  R24,LOW(@0)
                 __DELAY_USB_LOOP:
                 	DEC  R24
                 	BRNE __DELAY_USB_LOOP
                 	.ENDM
                 
                 	.MACRO __DELAY_USW
                 	LDI  R24,LOW(@0)
                 	LDI  R25,HIGH(@0)
                 __DELAY_USW_LOOP:
                 	SBIW R24,1
                 	BRNE __DELAY_USW_LOOP
                 	.ENDM
                 
                 	.MACRO __GETD1S
                 	LDD  R30,Y+@0
                 	LDD  R31,Y+@0+1
                 	LDD  R22,Y+@0+2
                 	LDD  R23,Y+@0+3
                 	.ENDM
                 
                 	.MACRO __GETD2S
                 	LDD  R26,Y+@0
                 	LDD  R27,Y+@0+1
                 	LDD  R24,Y+@0+2
                 	LDD  R25,Y+@0+3
                 	.ENDM
                 
                 	.MACRO __PUTD1S
                 	STD  Y+@0,R30
                 	STD  Y+@0+1,R31
                 	STD  Y+@0+2,R22
                 	STD  Y+@0+3,R23
                 	.ENDM
                 
                 	.MACRO __PUTD2S
                 	STD  Y+@0,R26
                 	STD  Y+@0+1,R27
                 	STD  Y+@0+2,R24
                 	STD  Y+@0+3,R25
                 	.ENDM
                 
                 	.MACRO __PUTDZ2
                 	STD  Z+@0,R26
                 	STD  Z+@0+1,R27
                 	STD  Z+@0+2,R24
                 	STD  Z+@0+3,R25
                 	.ENDM
                 
                 	.MACRO __CLRD1S
                 	STD  Y+@0,R30
                 	STD  Y+@0+1,R30
                 	STD  Y+@0+2,R30
                 	STD  Y+@0+3,R30
                 	.ENDM
                 
                 	.MACRO __POINTB1MN
                 	LDI  R30,LOW(@0+(@1))
                 	.ENDM
                 
                 	.MACRO __POINTW1MN
                 	LDI  R30,LOW(@0+(@1))
                 	LDI  R31,HIGH(@0+(@1))
                 	.ENDM
                 
                 	.MACRO __POINTD1M
                 	LDI  R30,LOW(@0)
                 	LDI  R31,HIGH(@0)
                 	LDI  R22,BYTE3(@0)
                 	LDI  R23,BYTE4(@0)
                 	.ENDM
                 
                 	.MACRO __POINTW1FN
                 	LDI  R30,LOW(2*@0+(@1))
                 	LDI  R31,HIGH(2*@0+(@1))
                 	.ENDM
                 
                 	.MACRO __POINTD1FN
                 	LDI  R30,LOW(2*@0+(@1))
                 	LDI  R31,HIGH(2*@0+(@1))
                 	LDI  R22,BYTE3(2*@0+(@1))
                 	LDI  R23,BYTE4(2*@0+(@1))
                 	.ENDM
                 
                 	.MACRO __POINTB2MN
                 	LDI  R26,LOW(@0+(@1))
                 	.ENDM
                 
                 	.MACRO __POINTW2MN
                 	LDI  R26,LOW(@0+(@1))
                 	LDI  R27,HIGH(@0+(@1))
                 	.ENDM
                 
                 	.MACRO __POINTW2FN
                 	LDI  R26,LOW(2*@0+(@1))
                 	LDI  R27,HIGH(2*@0+(@1))
                 	.ENDM
                 
                 	.MACRO __POINTD2FN
                 	LDI  R26,LOW(2*@0+(@1))
                 	LDI  R27,HIGH(2*@0+(@1))
                 	LDI  R24,BYTE3(2*@0+(@1))
                 	LDI  R25,BYTE4(2*@0+(@1))
                 	.ENDM
                 
                 	.MACRO __POINTBRM
                 	LDI  R@0,LOW(@1)
                 	.ENDM
                 
                 	.MACRO __POINTWRM
                 	LDI  R@0,LOW(@2)
                 	LDI  R@1,HIGH(@2)
                 	.ENDM
                 
                 	.MACRO __POINTBRMN
                 	LDI  R@0,LOW(@1+(@2))
                 	.ENDM
                 
                 	.MACRO __POINTWRMN
                 	LDI  R@0,LOW(@2+(@3))
                 	LDI  R@1,HIGH(@2+(@3))
                 	.ENDM
                 
                 	.MACRO __POINTWRFN
                 	LDI  R@0,LOW(@2*2+(@3))
                 	LDI  R@1,HIGH(@2*2+(@3))
                 	.ENDM
                 
                 	.MACRO __GETD1N
                 	LDI  R30,LOW(@0)
                 	LDI  R31,HIGH(@0)
                 	LDI  R22,BYTE3(@0)
                 	LDI  R23,BYTE4(@0)
                 	.ENDM
                 
                 	.MACRO __GETD2N
                 	LDI  R26,LOW(@0)
                 	LDI  R27,HIGH(@0)
                 	LDI  R24,BYTE3(@0)
                 	LDI  R25,BYTE4(@0)
                 	.ENDM
                 
                 	.MACRO __GETB1MN
                 	LDS  R30,@0+(@1)
                 	.ENDM
                 
                 	.MACRO __GETB1HMN
                 	LDS  R31,@0+(@1)
                 	.ENDM
                 
                 	.MACRO __GETW1MN
                 	LDS  R30,@0+(@1)
                 	LDS  R31,@0+(@1)+1
                 	.ENDM
                 
                 	.MACRO __GETD1MN
                 	LDS  R30,@0+(@1)
                 	LDS  R31,@0+(@1)+1
                 	LDS  R22,@0+(@1)+2
                 	LDS  R23,@0+(@1)+3
                 	.ENDM
                 
                 	.MACRO __GETBRMN
                 	LDS  R@0,@1+(@2)
                 	.ENDM
                 
                 	.MACRO __GETWRMN
                 	LDS  R@0,@2+(@3)
                 	LDS  R@1,@2+(@3)+1
                 	.ENDM
                 
                 	.MACRO __GETWRZ
                 	LDD  R@0,Z+@2
                 	LDD  R@1,Z+@2+1
                 	.ENDM
                 
                 	.MACRO __GETD2Z
                 	LDD  R26,Z+@0
                 	LDD  R27,Z+@0+1
                 	LDD  R24,Z+@0+2
                 	LDD  R25,Z+@0+3
                 	.ENDM
                 
                 	.MACRO __GETB2MN
                 	LDS  R26,@0+(@1)
                 	.ENDM
                 
                 	.MACRO __GETW2MN
                 	LDS  R26,@0+(@1)
                 	LDS  R27,@0+(@1)+1
                 	.ENDM
                 
                 	.MACRO __GETD2MN
                 	LDS  R26,@0+(@1)
                 	LDS  R27,@0+(@1)+1
                 	LDS  R24,@0+(@1)+2
                 	LDS  R25,@0+(@1)+3
                 	.ENDM
                 
                 	.MACRO __PUTB1MN
                 	STS  @0+(@1),R30
                 	.ENDM
                 
                 	.MACRO __PUTW1MN
                 	STS  @0+(@1),R30
                 	STS  @0+(@1)+1,R31
                 	.ENDM
                 
                 	.MACRO __PUTD1MN
                 	STS  @0+(@1),R30
                 	STS  @0+(@1)+1,R31
                 	STS  @0+(@1)+2,R22
                 	STS  @0+(@1)+3,R23
                 	.ENDM
                 
                 	.MACRO __PUTB1EN
                 	LDI  R26,LOW(@0+(@1))
                 	LDI  R27,HIGH(@0+(@1))
                 	CALL __EEPROMWRB
                 	.ENDM
                 
                 	.MACRO __PUTW1EN
                 	LDI  R26,LOW(@0+(@1))
                 	LDI  R27,HIGH(@0+(@1))
                 	CALL __EEPROMWRW
                 	.ENDM
                 
                 	.MACRO __PUTD1EN
                 	LDI  R26,LOW(@0+(@1))
                 	LDI  R27,HIGH(@0+(@1))
                 	CALL __EEPROMWRD
                 	.ENDM
                 
                 	.MACRO __PUTBR0MN
                 	STS  @0+(@1),R0
                 	.ENDM
                 
                 	.MACRO __PUTBMRN
                 	STS  @0+(@1),R@2
                 	.ENDM
                 
                 	.MACRO __PUTWMRN
                 	STS  @0+(@1),R@2
                 	STS  @0+(@1)+1,R@3
                 	.ENDM
                 
                 	.MACRO __PUTBZR
                 	STD  Z+@1,R@0
                 	.ENDM
                 
                 	.MACRO __PUTWZR
                 	STD  Z+@2,R@0
                 	STD  Z+@2+1,R@1
                 	.ENDM
                 
                 	.MACRO __GETW1R
                 	MOV  R30,R@0
                 	MOV  R31,R@1
                 	.ENDM
                 
                 	.MACRO __GETW2R
                 	MOV  R26,R@0
                 	MOV  R27,R@1
                 	.ENDM
                 
                 	.MACRO __GETWRN
                 	LDI  R@0,LOW(@2)
                 	LDI  R@1,HIGH(@2)
                 	.ENDM
                 
                 	.MACRO __PUTW1R
                 	MOV  R@0,R30
                 	MOV  R@1,R31
                 	.ENDM
                 
                 	.MACRO __PUTW2R
                 	MOV  R@0,R26
                 	MOV  R@1,R27
                 	.ENDM
                 
                 	.MACRO __ADDWRN
                 	SUBI R@0,LOW(-@2)
                 	SBCI R@1,HIGH(-@2)
                 	.ENDM
                 
                 	.MACRO __ADDWRR
                 	ADD  R@0,R@2
                 	ADC  R@1,R@3
                 	.ENDM
                 
                 	.MACRO __SUBWRN
                 	SUBI R@0,LOW(@2)
                 	SBCI R@1,HIGH(@2)
                 	.ENDM
                 
                 	.MACRO __SUBWRR
                 	SUB  R@0,R@2
                 	SBC  R@1,R@3
                 	.ENDM
                 
                 	.MACRO __ANDWRN
                 	ANDI R@0,LOW(@2)
                 	ANDI R@1,HIGH(@2)
                 	.ENDM
                 
                 	.MACRO __ANDWRR
                 	AND  R@0,R@2
                 	AND  R@1,R@3
                 	.ENDM
                 
                 	.MACRO __ORWRN
                 	ORI  R@0,LOW(@2)
                 	ORI  R@1,HIGH(@2)
                 	.ENDM
                 
                 	.MACRO __ORWRR
                 	OR   R@0,R@2
                 	OR   R@1,R@3
                 	.ENDM
                 
                 	.MACRO __EORWRR
                 	EOR  R@0,R@2
                 	EOR  R@1,R@3
                 	.ENDM
                 
                 	.MACRO __GETWRS
                 	LDD  R@0,Y+@2
                 	LDD  R@1,Y+@2+1
                 	.ENDM
                 
                 	.MACRO __PUTBSR
                 	STD  Y+@1,R@0
                 	.ENDM
                 
                 	.MACRO __PUTWSR
                 	STD  Y+@2,R@0
                 	STD  Y+@2+1,R@1
                 	.ENDM
                 
                 	.MACRO __MOVEWRR
                 	MOV  R@0,R@2
                 	MOV  R@1,R@3
                 	.ENDM
                 
                 	.MACRO __INWR
                 	IN   R@0,@2
                 	IN   R@1,@2+1
                 	.ENDM
                 
                 	.MACRO __OUTWR
                 	OUT  @2+1,R@1
                 	OUT  @2,R@0
                 	.ENDM
                 
                 	.MACRO __CALL1MN
                 	LDS  R30,@0+(@1)
                 	LDS  R31,@0+(@1)+1
                 	ICALL
                 	.ENDM
                 
                 	.MACRO __CALL1FN
                 	LDI  R30,LOW(2*@0+(@1))
                 	LDI  R31,HIGH(2*@0+(@1))
                 	CALL __GETW1PF
                 	ICALL
                 	.ENDM
                 
                 	.MACRO __CALL2EN
                 	PUSH R26
                 	PUSH R27
                 	LDI  R26,LOW(@0+(@1))
                 	LDI  R27,HIGH(@0+(@1))
                 	CALL __EEPROMRDW
                 	POP  R27
                 	POP  R26
                 	ICALL
                 	.ENDM
                 
                 	.MACRO __CALL2EX
                 	SUBI R26,LOW(-@0)
                 	SBCI R27,HIGH(-@0)
                 	CALL __EEPROMRDD
                 	ICALL
                 	.ENDM
                 
                 	.MACRO __GETW1STACK
                 	IN   R30,SPL
                 	IN   R31,SPH
                 	ADIW R30,@0+1
                 	LD   R0,Z+
                 	LD   R31,Z
                 	MOV  R30,R0
                 	.ENDM
                 
                 	.MACRO __GETD1STACK
                 	IN   R30,SPL
                 	IN   R31,SPH
                 	ADIW R30,@0+1
                 	LD   R0,Z+
                 	LD   R1,Z+
                 	LD   R22,Z
                 	MOVW R30,R0
                 	.ENDM
                 
                 	.MACRO __NBST
                 	BST  R@0,@1
                 	IN   R30,SREG
                 	LDI  R31,0x40
                 	EOR  R30,R31
                 	OUT  SREG,R30
                 	.ENDM
                 
                 
                 	.MACRO __PUTB1SN
                 	LDD  R26,Y+@0
                 	LDD  R27,Y+@0+1
                 	SUBI R26,LOW(-@1)
                 	SBCI R27,HIGH(-@1)
                 	ST   X,R30
                 	.ENDM
                 
                 	.MACRO __PUTW1SN
                 	LDD  R26,Y+@0
                 	LDD  R27,Y+@0+1
                 	SUBI R26,LOW(-@1)
                 	SBCI R27,HIGH(-@1)
                 	ST   X+,R30
                 	ST   X,R31
                 	.ENDM
                 
                 	.MACRO __PUTD1SN
                 	LDD  R26,Y+@0
                 	LDD  R27,Y+@0+1
                 	SUBI R26,LOW(-@1)
                 	SBCI R27,HIGH(-@1)
                 	CALL __PUTDP1
                 	.ENDM
                 
                 	.MACRO __PUTB1SNS
                 	LDD  R26,Y+@0
                 	LDD  R27,Y+@0+1
                 	ADIW R26,@1
                 	ST   X,R30
                 	.ENDM
                 
                 	.MACRO __PUTW1SNS
                 	LDD  R26,Y+@0
                 	LDD  R27,Y+@0+1
                 	ADIW R26,@1
                 	ST   X+,R30
                 	ST   X,R31
                 	.ENDM
                 
                 	.MACRO __PUTD1SNS
                 	LDD  R26,Y+@0
                 	LDD  R27,Y+@0+1
                 	ADIW R26,@1
                 	CALL __PUTDP1
                 	.ENDM
                 
                 	.MACRO __PUTB1PMN
                 	LDS  R26,@0
                 	LDS  R27,@0+1
                 	SUBI R26,LOW(-@1)
                 	SBCI R27,HIGH(-@1)
                 	ST   X,R30
                 	.ENDM
                 
                 	.MACRO __PUTW1PMN
                 	LDS  R26,@0
                 	LDS  R27,@0+1
                 	SUBI R26,LOW(-@1)
                 	SBCI R27,HIGH(-@1)
                 	ST   X+,R30
                 	ST   X,R31
                 	.ENDM
                 
                 	.MACRO __PUTD1PMN
                 	LDS  R26,@0
                 	LDS  R27,@0+1
                 	SUBI R26,LOW(-@1)
                 	SBCI R27,HIGH(-@1)
                 	CALL __PUTDP1
                 	.ENDM
                 
                 	.MACRO __PUTB1PMNS
                 	LDS  R26,@0
                 	LDS  R27,@0+1
                 	ADIW R26,@1
                 	ST   X,R30
                 	.ENDM
                 
                 	.MACRO __PUTW1PMNS
                 	LDS  R26,@0
                 	LDS  R27,@0+1
                 	ADIW R26,@1
                 	ST   X+,R30
                 	ST   X,R31
                 	.ENDM
                 
                 	.MACRO __PUTD1PMNS
                 	LDS  R26,@0
                 	LDS  R27,@0+1
                 	ADIW R26,@1
                 	CALL __PUTDP1
                 	.ENDM
                 
                 	.MACRO __PUTB1RN
                 	MOVW R26,R@0
                 	SUBI R26,LOW(-@1)
                 	SBCI R27,HIGH(-@1)
                 	ST   X,R30
                 	.ENDM
                 
                 	.MACRO __PUTW1RN
                 	MOVW R26,R@0
                 	SUBI R26,LOW(-@1)
                 	SBCI R27,HIGH(-@1)
                 	ST   X+,R30
                 	ST   X,R31
                 	.ENDM
                 
                 	.MACRO __PUTD1RN
                 	MOVW R26,R@0
                 	SUBI R26,LOW(-@1)
                 	SBCI R27,HIGH(-@1)
                 	CALL __PUTDP1
                 	.ENDM
                 
                 	.MACRO __PUTB1RNS
                 	MOVW R26,R@0
                 	ADIW R26,@1
                 	ST   X,R30
                 	.ENDM
                 
                 	.MACRO __PUTW1RNS
                 	MOVW R26,R@0
                 	ADIW R26,@1
                 	ST   X+,R30
                 	ST   X,R31
                 	.ENDM
                 
                 	.MACRO __PUTD1RNS
                 	MOVW R26,R@0
                 	ADIW R26,@1
                 	CALL __PUTDP1
                 	.ENDM
                 
                 	.MACRO __PUTB1RON
                 	MOV  R26,R@0
                 	MOV  R27,R@1
                 	SUBI R26,LOW(-@2)
                 	SBCI R27,HIGH(-@2)
                 	ST   X,R30
                 	.ENDM
                 
                 	.MACRO __PUTW1RON
                 	MOV  R26,R@0
                 	MOV  R27,R@1
                 	SUBI R26,LOW(-@2)
                 	SBCI R27,HIGH(-@2)
                 	ST   X+,R30
                 	ST   X,R31
                 	.ENDM
                 
                 	.MACRO __PUTD1RON
                 	MOV  R26,R@0
                 	MOV  R27,R@1
                 	SUBI R26,LOW(-@2)
                 	SBCI R27,HIGH(-@2)
                 	CALL __PUTDP1
                 	.ENDM
                 
                 	.MACRO __PUTB1RONS
                 	MOV  R26,R@0
                 	MOV  R27,R@1
                 	ADIW R26,@2
                 	ST   X,R30
                 	.ENDM
                 
                 	.MACRO __PUTW1RONS
                 	MOV  R26,R@0
                 	MOV  R27,R@1
                 	ADIW R26,@2
                 	ST   X+,R30
                 	ST   X,R31
                 	.ENDM
                 
                 	.MACRO __PUTD1RONS
                 	MOV  R26,R@0
                 	MOV  R27,R@1
                 	ADIW R26,@2
                 	CALL __PUTDP1
                 	.ENDM
                 
                 
                 	.MACRO __GETB1SX
                 	MOVW R30,R28
                 	SUBI R30,LOW(-@0)
                 	SBCI R31,HIGH(-@0)
                 	LD   R30,Z
                 	.ENDM
                 
                 	.MACRO __GETB1HSX
                 	MOVW R30,R28
                 	SUBI R30,LOW(-@0)
                 	SBCI R31,HIGH(-@0)
                 	LD   R31,Z
                 	.ENDM
                 
                 	.MACRO __GETW1SX
                 	MOVW R30,R28
                 	SUBI R30,LOW(-@0)
                 	SBCI R31,HIGH(-@0)
                 	LD   R0,Z+
                 	LD   R31,Z
                 	MOV  R30,R0
                 	.ENDM
                 
                 	.MACRO __GETD1SX
                 	MOVW R30,R28
                 	SUBI R30,LOW(-@0)
                 	SBCI R31,HIGH(-@0)
                 	LD   R0,Z+
                 	LD   R1,Z+
                 	LD   R22,Z+
                 	LD   R23,Z
                 	MOVW R30,R0
                 	.ENDM
                 
                 	.MACRO __GETB2SX
                 	MOVW R26,R28
                 	SUBI R26,LOW(-@0)
                 	SBCI R27,HIGH(-@0)
                 	LD   R26,X
                 	.ENDM
                 
                 	.MACRO __GETW2SX
                 	MOVW R26,R28
                 	SUBI R26,LOW(-@0)
                 	SBCI R27,HIGH(-@0)
                 	LD   R0,X+
                 	LD   R27,X
                 	MOV  R26,R0
                 	.ENDM
                 
                 	.MACRO __GETD2SX
                 	MOVW R26,R28
                 	SUBI R26,LOW(-@0)
                 	SBCI R27,HIGH(-@0)
                 	LD   R0,X+
                 	LD   R1,X+
                 	LD   R24,X+
                 	LD   R25,X
                 	MOVW R26,R0
                 	.ENDM
                 
                 	.MACRO __GETBRSX
                 	MOVW R30,R28
                 	SUBI R30,LOW(-@1)
                 	SBCI R31,HIGH(-@1)
                 	LD   R@0,Z
                 	.ENDM
                 
                 	.MACRO __GETWRSX
                 	MOVW R30,R28
                 	SUBI R30,LOW(-@2)
                 	SBCI R31,HIGH(-@2)
                 	LD   R@0,Z+
                 	LD   R@1,Z
                 	.ENDM
                 
                 	.MACRO __GETBRSX2
                 	MOVW R26,R28
                 	SUBI R26,LOW(-@1)
                 	SBCI R27,HIGH(-@1)
                 	LD   R@0,X
                 	.ENDM
                 
                 	.MACRO __GETWRSX2
                 	MOVW R26,R28
                 	SUBI R26,LOW(-@2)
                 	SBCI R27,HIGH(-@2)
                 	LD   R@0,X+
                 	LD   R@1,X
                 	.ENDM
                 
                 	.MACRO __LSLW8SX
                 	MOVW R30,R28
                 	SUBI R30,LOW(-@0)
                 	SBCI R31,HIGH(-@0)
                 	LD   R31,Z
                 	CLR  R30
                 	.ENDM
                 
                 	.MACRO __PUTB1SX
                 	MOVW R26,R28
                 	SUBI R26,LOW(-@0)
                 	SBCI R27,HIGH(-@0)
                 	ST   X,R30
                 	.ENDM
                 
                 	.MACRO __PUTW1SX
                 	MOVW R26,R28
                 	SUBI R26,LOW(-@0)
                 	SBCI R27,HIGH(-@0)
                 	ST   X+,R30
                 	ST   X,R31
                 	.ENDM
                 
                 	.MACRO __PUTD1SX
                 	MOVW R26,R28
                 	SUBI R26,LOW(-@0)
                 	SBCI R27,HIGH(-@0)
                 	ST   X+,R30
                 	ST   X+,R31
                 	ST   X+,R22
                 	ST   X,R23
                 	.ENDM
                 
                 	.MACRO __CLRW1SX
                 	MOVW R26,R28
                 	SUBI R26,LOW(-@0)
                 	SBCI R27,HIGH(-@0)
                 	ST   X+,R30
                 	ST   X,R30
                 	.ENDM
                 
                 	.MACRO __CLRD1SX
                 	MOVW R26,R28
                 	SUBI R26,LOW(-@0)
                 	SBCI R27,HIGH(-@0)
                 	ST   X+,R30
                 	ST   X+,R30
                 	ST   X+,R30
                 	ST   X,R30
                 	.ENDM
                 
                 	.MACRO __PUTB2SX
                 	MOVW R30,R28
                 	SUBI R30,LOW(-@0)
                 	SBCI R31,HIGH(-@0)
                 	ST   Z,R26
                 	.ENDM
                 
                 	.MACRO __PUTW2SX
                 	MOVW R30,R28
                 	SUBI R30,LOW(-@0)
                 	SBCI R31,HIGH(-@0)
                 	ST   Z+,R26
                 	ST   Z,R27
                 	.ENDM
                 
                 	.MACRO __PUTD2SX
                 	MOVW R30,R28
                 	SUBI R30,LOW(-@0)
                 	SBCI R31,HIGH(-@0)
                 	ST   Z+,R26
                 	ST   Z+,R27
                 	ST   Z+,R24
                 	ST   Z,R25
                 	.ENDM
                 
                 	.MACRO __PUTBSRX
                 	MOVW R30,R28
                 	SUBI R30,LOW(-@1)
                 	SBCI R31,HIGH(-@1)
                 	ST   Z,R@0
                 	.ENDM
                 
                 	.MACRO __PUTWSRX
                 	MOVW R30,R28
                 	SUBI R30,LOW(-@2)
                 	SBCI R31,HIGH(-@2)
                 	ST   Z+,R@0
                 	ST   Z,R@1
                 	.ENDM
                 
                 	.MACRO __PUTB1SNX
                 	MOVW R26,R28
                 	SUBI R26,LOW(-@0)
                 	SBCI R27,HIGH(-@0)
                 	LD   R0,X+
                 	LD   R27,X
                 	MOV  R26,R0
                 	SUBI R26,LOW(-@1)
                 	SBCI R27,HIGH(-@1)
                 	ST   X,R30
                 	.ENDM
                 
                 	.MACRO __PUTW1SNX
                 	MOVW R26,R28
                 	SUBI R26,LOW(-@0)
                 	SBCI R27,HIGH(-@0)
                 	LD   R0,X+
                 	LD   R27,X
                 	MOV  R26,R0
                 	SUBI R26,LOW(-@1)
                 	SBCI R27,HIGH(-@1)
                 	ST   X+,R30
                 	ST   X,R31
                 	.ENDM
                 
                 	.MACRO __PUTD1SNX
                 	MOVW R26,R28
                 	SUBI R26,LOW(-@0)
                 	SBCI R27,HIGH(-@0)
                 	LD   R0,X+
                 	LD   R27,X
                 	MOV  R26,R0
                 	SUBI R26,LOW(-@1)
                 	SBCI R27,HIGH(-@1)
                 	ST   X+,R30
                 	ST   X+,R31
                 	ST   X+,R22
                 	ST   X,R23
                 	.ENDM
                 
                 	.MACRO __MULBRR
                 	MULS R@0,R@1
                 	MOVW R30,R0
                 	.ENDM
                 
                 	.MACRO __MULBRRU
                 	MUL  R@0,R@1
                 	MOVW R30,R0
                 	.ENDM
                 
                 	.MACRO __MULBRR0
                 	MULS R@0,R@1
                 	.ENDM
                 
                 	.MACRO __MULBRRU0
                 	MUL  R@0,R@1
                 	.ENDM
                 
                 	.MACRO __MULBNWRU
                 	LDI  R26,@2
                 	MUL  R26,R@0
                 	MOVW R30,R0
                 	MUL  R26,R@1
                 	ADD  R31,R0
                 	.ENDM
                 
                 ;NAME DEFINITIONS FOR GLOBAL VARIABLES ALLOCATED TO REGISTERS
                 	.DEF _counter=R5
                 	.DEF _start_time=R6
                 	.DEF _start_time_msb=R7
                 	.DEF _stop_time=R8
                 	.DEF _stop_time_msb=R9
                 	.DEF _period=R10
                 	.DEF _period_msb=R11
                 	.DEF __lcd_x=R4
                 
                 	.CSEG
                 	.ORG 0x00
                 
                 ;START OF CODE MARKER
                 __START_OF_CODE:
                 
                 ;INTERRUPT VECTORS
000000 940c 0045 	JMP  __RESET
000002 940c 0000 	JMP  0x00
000004 940c 0000 	JMP  0x00
000006 940c 0000 	JMP  0x00
000008 940c 0000 	JMP  0x00
00000a 940c 0078 	JMP  _timer1_capt_isr
00000c 940c 0000 	JMP  0x00
00000e 940c 0000 	JMP  0x00
000010 940c 0072 	JMP  _timer1_ovf_isr
000012 940c 0000 	JMP  0x00
000014 940c 0000 	JMP  0x00
000016 940c 0000 	JMP  0x00
000018 940c 0000 	JMP  0x00
00001a 940c 0000 	JMP  0x00
00001c 940c 0000 	JMP  0x00
00001e 940c 0000 	JMP  0x00
000020 940c 0000 	JMP  0x00
000022 940c 0000 	JMP  0x00
000024 940c 0000 	JMP  0x00
000026 940c 0000 	JMP  0x00
000028 940c 0000 	JMP  0x00
                 
                 _tbl10_G100:
00002a 2710
00002b 03e8
00002c 0064
00002d 000a      	.DB  0x10,0x27,0xE8,0x3,0x64,0x0,0xA,0x0
00002e 0001      	.DB  0x1,0x0
                 _tbl16_G100:
00002f 1000
000030 0100
000031 0010
000032 0001      	.DB  0x0,0x10,0x0,0x1,0x10,0x0,0x1,0x0
                 
                 _0x0:
000033 6425
000034 2820
000035 7a48
000036 0029      	.DB  0x25,0x64,0x20,0x28,0x48,0x7A,0x29,0x0
000037 7246
000038 7165
000039 6575
00003a 636e      	.DB  0x46,0x72,0x65,0x71,0x75,0x65,0x6E,0x63
00003b 3a79
C:\Users\Fariba\Documents\GitHub\microprocessor_lab\experiment3\frequency_meter\code\Debug\List\frequency_meter.asm(1135): warning: .cseg .db misalignment - padding zero byte
00003c 0000      	.DB  0x79,0x3A,0x0
                 _0x2020003:
00003d c080      	.DB  0x80,0xC0
                 
                 __GLOBAL_INI_TBL:
00003e 000b      	.DW  0x0B
00003f 0160      	.DW  _0x6
000040 006e      	.DW  _0x0*2+8
                 
000041 0002      	.DW  0x02
000042 017f      	.DW  __base_y_G101
000043 007a      	.DW  _0x2020003*2
                 
                 _0xFFFFFFFF:
000044 0000      	.DW  0
                 
                 #define __GLOBAL_INI_TBL_PRESENT 1
                 
                 __RESET:
000045 94f8      	CLI
000046 27ee      	CLR  R30
000047 bbec      	OUT  EECR,R30
                 
                 ;INTERRUPT VECTORS ARE PLACED
                 ;AT THE START OF FLASH
000048 e0f1      	LDI  R31,1
000049 bffb      	OUT  GICR,R31
00004a bfeb      	OUT  GICR,R30
00004b bfe5      	OUT  MCUCR,R30
                 
                 ;CLEAR R2-R14
00004c e08d      	LDI  R24,(14-2)+1
00004d e0a2      	LDI  R26,2
00004e 27bb      	CLR  R27
                 __CLEAR_REG:
00004f 93ed      	ST   X+,R30
000050 958a      	DEC  R24
000051 f7e9      	BRNE __CLEAR_REG
                 
                 ;CLEAR SRAM
000052 e080      	LDI  R24,LOW(__CLEAR_SRAM_SIZE)
000053 e094      	LDI  R25,HIGH(__CLEAR_SRAM_SIZE)
000054 e6a0      	LDI  R26,__SRAM_START
                 __CLEAR_SRAM:
000055 93ed      	ST   X+,R30
000056 9701      	SBIW R24,1
000057 f7e9      	BRNE __CLEAR_SRAM
                 
                 ;GLOBAL VARIABLES INITIALIZATION
000058 e7ec      	LDI  R30,LOW(__GLOBAL_INI_TBL*2)
000059 e0f0      	LDI  R31,HIGH(__GLOBAL_INI_TBL*2)
                 __GLOBAL_INI_NEXT:
00005a 9185      	LPM  R24,Z+
00005b 9195      	LPM  R25,Z+
00005c 9700      	SBIW R24,0
00005d f061      	BREQ __GLOBAL_INI_END
00005e 91a5      	LPM  R26,Z+
00005f 91b5      	LPM  R27,Z+
000060 9005      	LPM  R0,Z+
000061 9015      	LPM  R1,Z+
000062 01bf      	MOVW R22,R30
000063 01f0      	MOVW R30,R0
                 __GLOBAL_INI_LOOP:
000064 9005      	LPM  R0,Z+
000065 920d      	ST   X+,R0
000066 9701      	SBIW R24,1
000067 f7e1      	BRNE __GLOBAL_INI_LOOP
000068 01fb      	MOVW R30,R22
000069 cff0      	RJMP __GLOBAL_INI_NEXT
                 __GLOBAL_INI_END:
                 
                 ;HARDWARE STACK POINTER INITIALIZATION
00006a e5ef      	LDI  R30,LOW(__SRAM_END-__HEAP_SIZE)
00006b bfed      	OUT  SPL,R30
00006c e0e4      	LDI  R30,HIGH(__SRAM_END-__HEAP_SIZE)
00006d bfee      	OUT  SPH,R30
                 
                 ;DATA STACK POINTER INITIALIZATION
00006e e6c0      	LDI  R28,LOW(__SRAM_START+__DSTACK_SIZE)
00006f e0d1      	LDI  R29,HIGH(__SRAM_START+__DSTACK_SIZE)
                 
000070 940c 00b5 	JMP  _main
                 
                 	.ESEG
                 	.ORG 0
                 
                 	.DSEG
                 	.ORG 0x160
                 
                 	.CSEG
                 ;/*******************************************************
                 ;This program was created by the
                 ;CodeWizardAVR V3.12 Advanced
                 ;Automatic Program Generator
                 ;© Copyright 1998-2014 Pavel Haiduc, HP InfoTech s.r.l.
                 ;http://www.hpinfotech.com
                 ;
                 ;Project :  task3 - question3
                 ;Version :
                 ;Date    : 12/28/2020
                 ;Author  :  Fariba Saadati
                 ;Company :
                 ;Comments:
                 ;
                 ;
                 ;Chip type               : ATmega16
                 ;Program type            : Application
                 ;AVR Core Clock frequency: 8.000000 MHz
                 ;Memory model            : Small
                 ;External RAM size       : 0
                 ;Data Stack size         : 256
                 ;*******************************************************/
                 ;
                 ;#include <mega16.h>
                 	#ifndef __SLEEP_DEFINED__
                 	#define __SLEEP_DEFINED__
                 	.EQU __se_bit=0x40
                 	.EQU __sm_mask=0xB0
                 	.EQU __sm_powerdown=0x20
                 	.EQU __sm_powersave=0x30
                 	.EQU __sm_standby=0xA0
                 	.EQU __sm_ext_standby=0xB0
                 	.EQU __sm_adc_noise_red=0x10
                 	.SET power_ctrl_reg=mcucr
                 	#endif
                 ;#include <stdio.h>
                 ;#include <delay.h>
                 ;#include <alcd.h>
                 ;
                 ;unsigned char counter;
                 ;unsigned int start_time, stop_time, period;
                 ;long frequency;
                 ;char str[16];
                 ;
                 ;// Timer1 overflow interrupt service routine
                 ;interrupt [TIM1_OVF] void timer1_ovf_isr(void)
                 ; 0000 0024 {
                 
                 	.CSEG
                 _timer1_ovf_isr:
                 ; .FSTART _timer1_ovf_isr
000072 93ea      	ST   -Y,R30
000073 b7ef      	IN   R30,SREG
                 ; 0000 0025 
                 ; 0000 0026  ++ counter;
000074 9453      	INC  R5
                 ; 0000 0027 }
000075 bfef      	OUT  SREG,R30
000076 91e9      	LD   R30,Y+
000077 9518      	RETI
                 ; .FEND
                 ;
                 ;// Timer1 input capture interrupt service routine
                 ;interrupt [TIM1_CAPT] void timer1_capt_isr(void)
                 ; 0000 002B {
                 _timer1_capt_isr:
                 ; .FSTART _timer1_capt_isr
000078 920a      	ST   -Y,R0
000079 921a      	ST   -Y,R1
00007a 936a      	ST   -Y,R22
00007b 937a      	ST   -Y,R23
00007c 938a      	ST   -Y,R24
00007d 939a      	ST   -Y,R25
00007e 93aa      	ST   -Y,R26
00007f 93ba      	ST   -Y,R27
000080 93ea      	ST   -Y,R30
000081 93fa      	ST   -Y,R31
000082 b7ef      	IN   R30,SREG
000083 93ea      	ST   -Y,R30
                 ; 0000 002C 
                 ; 0000 002D 
                 ; 0000 002E 
                 ; 0000 002F stop_time = 256*ICR1H + ICR1L;
000084 b5e7      	IN   R30,0x27
000085 2ffe      	MOV  R31,R30
000086 e0e0      	LDI  R30,0
000087 01df      	MOVW R26,R30
000088 b5e6      	IN   R30,0x26
000089 e0f0      	LDI  R31,0
00008a 0fea      	ADD  R30,R26
00008b 1ffb      	ADC  R31,R27
00008c 014f      	MOVW R8,R30
                 ; 0000 0030 period = (unsigned long)stop_time
                 ; 0000 0031 + ((unsigned long)counter * 65536)
                 ; 0000 0032 - (unsigned long)start_time;
00008d 2da5      	MOV  R26,R5
00008e e0e0      	LDI  R30,LOW(0)
00008f 9fea      	MUL  R30,R26
000090 01f0      	MOVW R30,R0
000091 0de8      	ADD  R30,R8
000092 1df9      	ADC  R31,R9
000093 19e6      	SUB  R30,R6
000094 09f7      	SBC  R31,R7
000095 015f      	MOVW R10,R30
                 ; 0000 0033 frequency = 1000000UL/period;
000096 2766      	CLR  R22
000097 2777      	CLR  R23
                +
000098 e4a0     +LDI R26 , LOW ( 0xF4240 )
000099 e4b2     +LDI R27 , HIGH ( 0xF4240 )
00009a e08f     +LDI R24 , BYTE3 ( 0xF4240 )
00009b e090     +LDI R25 , BYTE4 ( 0xF4240 )
                 	__GETD2N 0xF4240
00009c 940e 03a3 	CALL __DIVD21U
00009e 93e0 016b 	STS  _frequency,R30
0000a0 93f0 016c 	STS  _frequency+1,R31
0000a2 9360 016d 	STS  _frequency+2,R22
0000a4 9370 016e 	STS  _frequency+3,R23
                 ; 0000 0034 counter = 0;
0000a6 2455      	CLR  R5
                 ; 0000 0035 start_time = stop_time;
0000a7 0134      	MOVW R6,R8
                 ; 0000 0036 }
0000a8 91e9      	LD   R30,Y+
0000a9 bfef      	OUT  SREG,R30
0000aa 91f9      	LD   R31,Y+
0000ab 91e9      	LD   R30,Y+
0000ac 91b9      	LD   R27,Y+
0000ad 91a9      	LD   R26,Y+
0000ae 9199      	LD   R25,Y+
0000af 9189      	LD   R24,Y+
0000b0 9179      	LD   R23,Y+
0000b1 9169      	LD   R22,Y+
0000b2 9019      	LD   R1,Y+
0000b3 9009      	LD   R0,Y+
0000b4 9518      	RETI
                 ; .FEND
                 ;
                 ;void main(void)
                 ; 0000 0039 {
                 _main:
                 ; .FSTART _main
                 ; 0000 003A 
                 ; 0000 003B // Port C initialization
                 ; 0000 003C DDRC=(1<<DDC7) | (1<<DDC6) | (1<<DDC5) | (1<<DDC4) | (1<<DDC3) | (1<<DDC2) | (1<<DDC1) | (1<<DDC0);
0000b5 efef      	LDI  R30,LOW(255)
0000b6 bbe4      	OUT  0x14,R30
                 ; 0000 003D PORTC=(0<<PORTC7) | (0<<PORTC6) | (0<<PORTC5) | (0<<PORTC4) | (0<<PORTC3) | (0<<PORTC2) | (0<<PORTC1) | (0<<PORTC0);
0000b7 e0e0      	LDI  R30,LOW(0)
0000b8 bbe5      	OUT  0x15,R30
                 ; 0000 003E 
                 ; 0000 003F // Port D initialization
                 ; 0000 0040 DDRD=(0<<DDD7) | (0<<DDD6) | (0<<DDD5) | (0<<DDD4) | (0<<DDD3) | (0<<DDD2) | (0<<DDD1) | (0<<DDD0);
0000b9 bbe1      	OUT  0x11,R30
                 ; 0000 0041 PORTD=(0<<PORTD7) | (1<<PORTD6) | (0<<PORTD5) | (0<<PORTD4) | (0<<PORTD3) | (0<<PORTD2) | (0<<PORTD1) | (0<<PORTD0);
0000ba e4e0      	LDI  R30,LOW(64)
0000bb bbe2      	OUT  0x12,R30
                 ; 0000 0042 
                 ; 0000 0043 
                 ; 0000 0044 
                 ; 0000 0045 // Timer/Counter 1 initialization
                 ; 0000 0046 // Clock source: System Clock
                 ; 0000 0047 // Clock value: 1000.000 kHz
                 ; 0000 0048 // Mode: Normal top=0xFFFF
                 ; 0000 0049 // OC1A output: Disconnected
                 ; 0000 004A // OC1B output: Disconnected
                 ; 0000 004B // Noise Canceler: Off
                 ; 0000 004C // Input Capture on Rising Edge
                 ; 0000 004D // Timer Period: 65.536 ms
                 ; 0000 004E // Timer1 Overflow Interrupt: On
                 ; 0000 004F // Input Capture Interrupt: On
                 ; 0000 0050 // Compare A Match Interrupt: Off
                 ; 0000 0051 // Compare B Match Interrupt: Off
                 ; 0000 0052 TCCR1A=(0<<COM1A1) | (0<<COM1A0) | (0<<COM1B1) | (0<<COM1B0) | (0<<WGM11) | (0<<WGM10);
0000bc e0e0      	LDI  R30,LOW(0)
0000bd bdef      	OUT  0x2F,R30
                 ; 0000 0053 TCCR1B=(0<<ICNC1) | (1<<ICES1) | (0<<WGM13) | (0<<WGM12) | (0<<CS12) | (1<<CS11) | (0<<CS10);
0000be e4e2      	LDI  R30,LOW(66)
0000bf bdee      	OUT  0x2E,R30
                 ; 0000 0054 TCNT1H=0x00;
0000c0 e0e0      	LDI  R30,LOW(0)
0000c1 bded      	OUT  0x2D,R30
                 ; 0000 0055 TCNT1L=0x00;
0000c2 bdec      	OUT  0x2C,R30
                 ; 0000 0056 ICR1H=0x00;
0000c3 bde7      	OUT  0x27,R30
                 ; 0000 0057 ICR1L=0x00;
0000c4 bde6      	OUT  0x26,R30
                 ; 0000 0058 OCR1AH=0x00;
0000c5 bdeb      	OUT  0x2B,R30
                 ; 0000 0059 OCR1AL=0x00;
0000c6 bdea      	OUT  0x2A,R30
                 ; 0000 005A OCR1BH=0x00;
0000c7 bde9      	OUT  0x29,R30
                 ; 0000 005B OCR1BL=0x00;
0000c8 bde8      	OUT  0x28,R30
                 ; 0000 005C 
                 ; 0000 005D 
                 ; 0000 005E // Timer(s)/Counter(s) Interrupt(s) initialization
                 ; 0000 005F TIMSK=(0<<OCIE2) | (0<<TOIE2) | (1<<TICIE1) | (0<<OCIE1A) | (0<<OCIE1B) | (1<<TOIE1) | (0<<OCIE0) | (0<<TOIE0);
0000c9 e2e4      	LDI  R30,LOW(36)
0000ca bfe9      	OUT  0x39,R30
                 ; 0000 0060 
                 ; 0000 0061 
                 ; 0000 0062 
                 ; 0000 0063 // Analog Comparator initialization
                 ; 0000 0064 // Analog Comparator: Off
                 ; 0000 0065 // The Analog Comparator's positive input is
                 ; 0000 0066 // connected to the AIN0 pin
                 ; 0000 0067 // The Analog Comparator's negative input is
                 ; 0000 0068 // connected to the AIN1 pin
                 ; 0000 0069 ACSR=(1<<ACD) | (0<<ACBG) | (0<<ACO) | (0<<ACI) | (0<<ACIE) | (0<<ACIC) | (0<<ACIS1) | (0<<ACIS0);
0000cb e8e0      	LDI  R30,LOW(128)
0000cc b9e8      	OUT  0x8,R30
                 ; 0000 006A SFIOR=(0<<ACME);
0000cd e0e0      	LDI  R30,LOW(0)
0000ce bfe0      	OUT  0x30,R30
                 ; 0000 006B 
                 ; 0000 006C 
                 ; 0000 006D // Alphanumeric LCD initialization
                 ; 0000 006E // Connections are specified in the
                 ; 0000 006F // Project|Configure|C Compiler|Libraries|Alphanumeric LCD menu:
                 ; 0000 0070 // RS - PORTC Bit 0
                 ; 0000 0071 // RD - PORTC Bit 1
                 ; 0000 0072 // EN - PORTC Bit 2
                 ; 0000 0073 // D4 - PORTC Bit 4
                 ; 0000 0074 // D5 - PORTC Bit 5
                 ; 0000 0075 // D6 - PORTC Bit 6
                 ; 0000 0076 // D7 - PORTC Bit 7
                 ; 0000 0077 // Characters/line: 16
                 ; 0000 0078 lcd_init(16);
0000cf e1a0      	LDI  R26,LOW(16)
0000d0 940e 030a 	CALL _lcd_init
                 ; 0000 0079 
                 ; 0000 007A // Global enable interrupts
                 ; 0000 007B #asm("sei")
0000d2 9478      	sei
                 ; 0000 007C 
                 ; 0000 007D while (1)
                 _0x3:
                 ; 0000 007E       {
                 ; 0000 007F 
                 ; 0000 0080       sprintf(str,"%d (Hz)", (int)frequency);
0000d3 e6ef      	LDI  R30,LOW(_str)
0000d4 e0f1      	LDI  R31,HIGH(_str)
0000d5 93fa      	ST   -Y,R31
0000d6 93ea      	ST   -Y,R30
                +
0000d7 e6e6     +LDI R30 , LOW ( 2 * _0x0 + ( 0 ) )
0000d8 e0f0     +LDI R31 , HIGH ( 2 * _0x0 + ( 0 ) )
                 	__POINTW1FN _0x0,0
0000d9 93fa      	ST   -Y,R31
0000da 93ea      	ST   -Y,R30
0000db 91e0 016b 	LDS  R30,_frequency
0000dd 91f0 016c 	LDS  R31,_frequency+1
0000df 940e 039e 	CALL __CWD1
0000e1 940e 03d0 	CALL __PUTPARD1
0000e3 e084      	LDI  R24,4
0000e4 940e 026f 	CALL _sprintf
0000e6 9628      	ADIW R28,8
                 ; 0000 0081       lcd_gotoxy(2,0);
0000e7 e0e2      	LDI  R30,LOW(2)
0000e8 93ea      	ST   -Y,R30
0000e9 e0a0      	LDI  R26,LOW(0)
0000ea 940e 02c3 	CALL _lcd_gotoxy
                 ; 0000 0082 	  lcd_puts("Frequency:");
                +
0000ec e6a0     +LDI R26 , LOW ( _0x6 + ( 0 ) )
0000ed e0b1     +LDI R27 , HIGH ( _0x6 + ( 0 ) )
                 	__POINTW2MN _0x6,0
0000ee 940e 02f9 	CALL _lcd_puts
                 ; 0000 0083       lcd_gotoxy(4,1);
0000f0 e0e4      	LDI  R30,LOW(4)
0000f1 93ea      	ST   -Y,R30
0000f2 e0a1      	LDI  R26,LOW(1)
0000f3 940e 02c3 	CALL _lcd_gotoxy
                 ; 0000 0084       lcd_puts(str);
0000f5 e6af      	LDI  R26,LOW(_str)
0000f6 e0b1      	LDI  R27,HIGH(_str)
0000f7 940e 02f9 	CALL _lcd_puts
                 ; 0000 0085       }
0000f9 cfd9      	RJMP _0x3
                 ; 0000 0086       delay_ms(5000);
                 ; 0000 0087 }
                 _0x7:
0000fa cfff      	RJMP _0x7
                 ; .FEND
                 
                 	.DSEG
                 _0x6:
000160           	.BYTE 0xB
                 	#ifndef __SLEEP_DEFINED__
                 	#endif
                 
                 	.CSEG
                 _put_buff_G100:
                 ; .FSTART _put_buff_G100
0000fb 93ba      	ST   -Y,R27
0000fc 93aa      	ST   -Y,R26
0000fd 931a      	ST   -Y,R17
0000fe 930a      	ST   -Y,R16
0000ff 81aa      	LDD  R26,Y+2
000100 81bb      	LDD  R27,Y+2+1
000101 9612      	ADIW R26,2
000102 940e 03c8 	CALL __GETW1P
000104 9730      	SBIW R30,0
000105 f159      	BREQ _0x2000010
000106 81aa      	LDD  R26,Y+2
000107 81bb      	LDD  R27,Y+2+1
000108 9614      	ADIW R26,4
000109 940e 03c8 	CALL __GETW1P
00010b 018f      	MOVW R16,R30
00010c 9730      	SBIW R30,0
00010d f061      	BREQ _0x2000012
                +
00010e 3002     +CPI R16 , LOW ( 2 )
00010f e0e0     +LDI R30 , HIGH ( 2 )
000110 071e     +CPC R17 , R30
                 	__CPWRN 16,17,2
000111 f098      	BRLO _0x2000013
000112 01f8      	MOVW R30,R16
000113 9731      	SBIW R30,1
000114 018f      	MOVW R16,R30
                +
000115 81aa     +LDD R26 , Y + 2
000116 81bb     +LDD R27 , Y + 2 + 1
000117 9614     +ADIW R26 , 4
000118 93ed     +ST X + , R30
000119 93fc     +ST X , R31
                 	__PUTW1SNS 2,4
                 _0x2000012:
00011a 81aa      	LDD  R26,Y+2
00011b 81bb      	LDD  R27,Y+2+1
00011c 9612      	ADIW R26,2
00011d 91ed      	LD   R30,X+
00011e 91fd      	LD   R31,X+
00011f 9631      	ADIW R30,1
000120 93fe      	ST   -X,R31
000121 93ee      	ST   -X,R30
000122 9731      	SBIW R30,1
000123 81ac      	LDD  R26,Y+4
000124 83a0      	STD  Z+0,R26
                 _0x2000013:
000125 81aa      	LDD  R26,Y+2
000126 81bb      	LDD  R27,Y+2+1
000127 940e 03c8 	CALL __GETW1P
000129 23ff      	TST  R31
00012a f02a      	BRMI _0x2000014
00012b 91ed      	LD   R30,X+
00012c 91fd      	LD   R31,X+
00012d 9631      	ADIW R30,1
00012e 93fe      	ST   -X,R31
00012f 93ee      	ST   -X,R30
                 _0x2000014:
000130 c006      	RJMP _0x2000015
                 _0x2000010:
000131 81aa      	LDD  R26,Y+2
000132 81bb      	LDD  R27,Y+2+1
000133 efef      	LDI  R30,LOW(65535)
000134 efff      	LDI  R31,HIGH(65535)
000135 93ed      	ST   X+,R30
000136 93fc      	ST   X,R31
                 _0x2000015:
000137 8119      	LDD  R17,Y+1
000138 8108      	LDD  R16,Y+0
000139 9625      	ADIW R28,5
00013a 9508      	RET
                 ; .FEND
                 __print_G100:
                 ; .FSTART __print_G100
00013b 93ba      	ST   -Y,R27
00013c 93aa      	ST   -Y,R26
00013d 9726      	SBIW R28,6
00013e 940e 03d5 	CALL __SAVELOCR6
000140 e010      	LDI  R17,0
000141 85ac      	LDD  R26,Y+12
000142 85bd      	LDD  R27,Y+12+1
000143 e0e0      	LDI  R30,LOW(0)
000144 e0f0      	LDI  R31,HIGH(0)
000145 93ed      	ST   X+,R30
000146 93fc      	ST   X,R31
                 _0x2000016:
000147 89ea      	LDD  R30,Y+18
000148 89fb      	LDD  R31,Y+18+1
000149 9631      	ADIW R30,1
00014a 8bea      	STD  Y+18,R30
00014b 8bfb      	STD  Y+18+1,R31
00014c 9731      	SBIW R30,1
00014d 91e4      	LPM  R30,Z
00014e 2f2e      	MOV  R18,R30
00014f 30e0      	CPI  R30,0
000150 f409      	BRNE PC+2
000151 c115      	RJMP _0x2000018
000152 2fe1      	MOV  R30,R17
000153 30e0      	CPI  R30,0
000154 f439      	BRNE _0x200001C
000155 3225      	CPI  R18,37
000156 f411      	BRNE _0x200001D
000157 e011      	LDI  R17,LOW(1)
000158 c002      	RJMP _0x200001E
                 _0x200001D:
000159 940e 0352 	CALL SUBOPT_0x0
                 _0x200001E:
00015b c10a      	RJMP _0x200001B
                 _0x200001C:
00015c 30e1      	CPI  R30,LOW(0x1)
00015d f4a9      	BRNE _0x200001F
00015e 3225      	CPI  R18,37
00015f f419      	BRNE _0x2000020
000160 940e 0352 	CALL SUBOPT_0x0
000162 c102      	RJMP _0x20000CC
                 _0x2000020:
000163 e012      	LDI  R17,LOW(2)
000164 e040      	LDI  R20,LOW(0)
000165 e000      	LDI  R16,LOW(0)
000166 322d      	CPI  R18,45
000167 f411      	BRNE _0x2000021
000168 e001      	LDI  R16,LOW(1)
000169 c0fc      	RJMP _0x200001B
                 _0x2000021:
00016a 322b      	CPI  R18,43
00016b f411      	BRNE _0x2000022
00016c e24b      	LDI  R20,LOW(43)
00016d c0f8      	RJMP _0x200001B
                 _0x2000022:
00016e 3220      	CPI  R18,32
00016f f411      	BRNE _0x2000023
000170 e240      	LDI  R20,LOW(32)
000171 c0f4      	RJMP _0x200001B
                 _0x2000023:
000172 c002      	RJMP _0x2000024
                 _0x200001F:
000173 30e2      	CPI  R30,LOW(0x2)
000174 f439      	BRNE _0x2000025
                 _0x2000024:
000175 e050      	LDI  R21,LOW(0)
000176 e013      	LDI  R17,LOW(3)
000177 3320      	CPI  R18,48
000178 f411      	BRNE _0x2000026
000179 6800      	ORI  R16,LOW(128)
00017a c0eb      	RJMP _0x200001B
                 _0x2000026:
00017b c003      	RJMP _0x2000027
                 _0x2000025:
00017c 30e3      	CPI  R30,LOW(0x3)
00017d f009      	BREQ PC+2
00017e c0e7      	RJMP _0x200001B
                 _0x2000027:
00017f 3320      	CPI  R18,48
000180 f010      	BRLO _0x200002A
000181 332a      	CPI  R18,58
000182 f008      	BRLO _0x200002B
                 _0x200002A:
000183 c007      	RJMP _0x2000029
                 _0x200002B:
000184 e0aa      	LDI  R26,LOW(10)
000185 9f5a      	MUL  R21,R26
000186 2d50      	MOV  R21,R0
000187 2fe2      	MOV  R30,R18
000188 53e0      	SUBI R30,LOW(48)
000189 0f5e      	ADD  R21,R30
00018a c0db      	RJMP _0x200001B
                 _0x2000029:
00018b 2fe2      	MOV  R30,R18
00018c 36e3      	CPI  R30,LOW(0x63)
00018d f449      	BRNE _0x200002F
00018e 940e 0359 	CALL SUBOPT_0x1
000190 89e8      	LDD  R30,Y+16
000191 89f9      	LDD  R31,Y+16+1
000192 81a4      	LDD  R26,Z+4
000193 93aa      	ST   -Y,R26
000194 940e 035f 	CALL SUBOPT_0x2
000196 c0ce      	RJMP _0x2000030
                 _0x200002F:
000197 37e3      	CPI  R30,LOW(0x73)
000198 f441      	BRNE _0x2000032
000199 940e 0359 	CALL SUBOPT_0x1
00019b 940e 0365 	CALL SUBOPT_0x3
00019d 940e 0339 	CALL _strlen
00019f 2f1e      	MOV  R17,R30
0001a0 c00a      	RJMP _0x2000033
                 _0x2000032:
0001a1 37e0      	CPI  R30,LOW(0x70)
0001a2 f461      	BRNE _0x2000035
0001a3 940e 0359 	CALL SUBOPT_0x1
0001a5 940e 0365 	CALL SUBOPT_0x3
0001a7 940e 0345 	CALL _strlenf
0001a9 2f1e      	MOV  R17,R30
0001aa 6008      	ORI  R16,LOW(8)
                 _0x2000033:
0001ab 6002      	ORI  R16,LOW(2)
0001ac 770f      	ANDI R16,LOW(127)
0001ad e030      	LDI  R19,LOW(0)
0001ae c034      	RJMP _0x2000036
                 _0x2000035:
0001af 36e4      	CPI  R30,LOW(0x64)
0001b0 f011      	BREQ _0x2000039
0001b1 36e9      	CPI  R30,LOW(0x69)
0001b2 f411      	BRNE _0x200003A
                 _0x2000039:
0001b3 6004      	ORI  R16,LOW(4)
0001b4 c002      	RJMP _0x200003B
                 _0x200003A:
0001b5 37e5      	CPI  R30,LOW(0x75)
0001b6 f431      	BRNE _0x200003C
                 _0x200003B:
0001b7 e5e4      	LDI  R30,LOW(_tbl10_G100*2)
0001b8 e0f0      	LDI  R31,HIGH(_tbl10_G100*2)
0001b9 83ee      	STD  Y+6,R30
0001ba 83ff      	STD  Y+6+1,R31
0001bb e015      	LDI  R17,LOW(5)
0001bc c00c      	RJMP _0x200003D
                 _0x200003C:
0001bd 35e8      	CPI  R30,LOW(0x58)
0001be f411      	BRNE _0x200003F
0001bf 6008      	ORI  R16,LOW(8)
0001c0 c003      	RJMP _0x2000040
                 _0x200003F:
0001c1 37e8      	CPI  R30,LOW(0x78)
0001c2 f009      	BREQ PC+2
0001c3 c0a1      	RJMP _0x2000071
                 _0x2000040:
0001c4 e5ee      	LDI  R30,LOW(_tbl16_G100*2)
0001c5 e0f0      	LDI  R31,HIGH(_tbl16_G100*2)
0001c6 83ee      	STD  Y+6,R30
0001c7 83ff      	STD  Y+6+1,R31
0001c8 e014      	LDI  R17,LOW(4)
                 _0x200003D:
0001c9 ff02      	SBRS R16,2
0001ca c014      	RJMP _0x2000042
0001cb 940e 0359 	CALL SUBOPT_0x1
0001cd 940e 036f 	CALL SUBOPT_0x4
0001cf 85ab      	LDD  R26,Y+11
0001d0 23aa      	TST  R26
0001d1 f43a      	BRPL _0x2000043
0001d2 85ea      	LDD  R30,Y+10
0001d3 85fb      	LDD  R31,Y+10+1
0001d4 940e 039a 	CALL __ANEGW1
0001d6 87ea      	STD  Y+10,R30
0001d7 87fb      	STD  Y+10+1,R31
0001d8 e24d      	LDI  R20,LOW(45)
                 _0x2000043:
0001d9 3040      	CPI  R20,0
0001da f011      	BREQ _0x2000044
0001db 5f1f      	SUBI R17,-LOW(1)
0001dc c001      	RJMP _0x2000045
                 _0x2000044:
0001dd 7f0b      	ANDI R16,LOW(251)
                 _0x2000045:
0001de c004      	RJMP _0x2000046
                 _0x2000042:
0001df 940e 0359 	CALL SUBOPT_0x1
0001e1 940e 036f 	CALL SUBOPT_0x4
                 _0x2000046:
                 _0x2000036:
0001e3 fd00      	SBRC R16,0
0001e4 c011      	RJMP _0x2000047
                 _0x2000048:
0001e5 1715      	CP   R17,R21
0001e6 f478      	BRSH _0x200004A
0001e7 ff07      	SBRS R16,7
0001e8 c008      	RJMP _0x200004B
0001e9 ff02      	SBRS R16,2
0001ea c004      	RJMP _0x200004C
0001eb 7f0b      	ANDI R16,LOW(251)
0001ec 2f24      	MOV  R18,R20
0001ed 5011      	SUBI R17,LOW(1)
0001ee c001      	RJMP _0x200004D
                 _0x200004C:
0001ef e320      	LDI  R18,LOW(48)
                 _0x200004D:
0001f0 c001      	RJMP _0x200004E
                 _0x200004B:
0001f1 e220      	LDI  R18,LOW(32)
                 _0x200004E:
0001f2 940e 0352 	CALL SUBOPT_0x0
0001f4 5051      	SUBI R21,LOW(1)
0001f5 cfef      	RJMP _0x2000048
                 _0x200004A:
                 _0x2000047:
0001f6 2f31      	MOV  R19,R17
0001f7 ff01      	SBRS R16,1
0001f8 c017      	RJMP _0x200004F
                 _0x2000050:
0001f9 3030      	CPI  R19,0
0001fa f0a1      	BREQ _0x2000052
0001fb ff03      	SBRS R16,3
0001fc c006      	RJMP _0x2000053
0001fd 81ee      	LDD  R30,Y+6
0001fe 81ff      	LDD  R31,Y+6+1
0001ff 9125      	LPM  R18,Z+
000200 83ee      	STD  Y+6,R30
000201 83ff      	STD  Y+6+1,R31
000202 c005      	RJMP _0x2000054
                 _0x2000053:
000203 81ae      	LDD  R26,Y+6
000204 81bf      	LDD  R27,Y+6+1
000205 912d      	LD   R18,X+
000206 83ae      	STD  Y+6,R26
000207 83bf      	STD  Y+6+1,R27
                 _0x2000054:
000208 940e 0352 	CALL SUBOPT_0x0
00020a 3050      	CPI  R21,0
00020b f009      	BREQ _0x2000055
00020c 5051      	SUBI R21,LOW(1)
                 _0x2000055:
00020d 5031      	SUBI R19,LOW(1)
00020e cfea      	RJMP _0x2000050
                 _0x2000052:
00020f c04b      	RJMP _0x2000056
                 _0x200004F:
                 _0x2000058:
000210 e320      	LDI  R18,LOW(48)
000211 81ee      	LDD  R30,Y+6
000212 81ff      	LDD  R31,Y+6+1
000213 940e 03cc 	CALL __GETW1PF
000215 87e8      	STD  Y+8,R30
000216 87f9      	STD  Y+8+1,R31
000217 81ee      	LDD  R30,Y+6
000218 81ff      	LDD  R31,Y+6+1
000219 9632      	ADIW R30,2
00021a 83ee      	STD  Y+6,R30
00021b 83ff      	STD  Y+6+1,R31
                 _0x200005A:
00021c 85e8      	LDD  R30,Y+8
00021d 85f9      	LDD  R31,Y+8+1
00021e 85aa      	LDD  R26,Y+10
00021f 85bb      	LDD  R27,Y+10+1
000220 17ae      	CP   R26,R30
000221 07bf      	CPC  R27,R31
000222 f050      	BRLO _0x200005C
000223 5f2f      	SUBI R18,-LOW(1)
000224 85a8      	LDD  R26,Y+8
000225 85b9      	LDD  R27,Y+8+1
000226 85ea      	LDD  R30,Y+10
000227 85fb      	LDD  R31,Y+10+1
000228 1bea      	SUB  R30,R26
000229 0bfb      	SBC  R31,R27
00022a 87ea      	STD  Y+10,R30
00022b 87fb      	STD  Y+10+1,R31
00022c cfef      	RJMP _0x200005A
                 _0x200005C:
00022d 332a      	CPI  R18,58
00022e f028      	BRLO _0x200005D
00022f ff03      	SBRS R16,3
000230 c002      	RJMP _0x200005E
000231 5f29      	SUBI R18,-LOW(7)
000232 c001      	RJMP _0x200005F
                 _0x200005E:
000233 5d29      	SUBI R18,-LOW(39)
                 _0x200005F:
                 _0x200005D:
000234 fd04      	SBRC R16,4
000235 c01a      	RJMP _0x2000061
000236 3321      	CPI  R18,49
000237 f420      	BRSH _0x2000063
000238 85a8      	LDD  R26,Y+8
000239 85b9      	LDD  R27,Y+8+1
00023a 9711      	SBIW R26,1
00023b f409      	BRNE _0x2000062
                 _0x2000063:
00023c c009      	RJMP _0x20000CD
                 _0x2000062:
00023d 1753      	CP   R21,R19
00023e f010      	BRLO _0x2000067
00023f ff00      	SBRS R16,0
000240 c001      	RJMP _0x2000068
                 _0x2000067:
000241 c013      	RJMP _0x2000066
                 _0x2000068:
000242 e220      	LDI  R18,LOW(32)
000243 ff07      	SBRS R16,7
000244 c00b      	RJMP _0x2000069
000245 e320      	LDI  R18,LOW(48)
                 _0x20000CD:
000246 6100      	ORI  R16,LOW(16)
000247 ff02      	SBRS R16,2
000248 c007      	RJMP _0x200006A
000249 7f0b      	ANDI R16,LOW(251)
00024a 934a      	ST   -Y,R20
00024b 940e 035f 	CALL SUBOPT_0x2
00024d 3050      	CPI  R21,0
00024e f009      	BREQ _0x200006B
00024f 5051      	SUBI R21,LOW(1)
                 _0x200006B:
                 _0x200006A:
                 _0x2000069:
                 _0x2000061:
000250 940e 0352 	CALL SUBOPT_0x0
000252 3050      	CPI  R21,0
000253 f009      	BREQ _0x200006C
000254 5051      	SUBI R21,LOW(1)
                 _0x200006C:
                 _0x2000066:
000255 5031      	SUBI R19,LOW(1)
000256 85a8      	LDD  R26,Y+8
000257 85b9      	LDD  R27,Y+8+1
000258 9712      	SBIW R26,2
000259 f008      	BRLO _0x2000059
00025a cfb5      	RJMP _0x2000058
                 _0x2000059:
                 _0x2000056:
00025b ff00      	SBRS R16,0
00025c c008      	RJMP _0x200006D
                 _0x200006E:
00025d 3050      	CPI  R21,0
00025e f031      	BREQ _0x2000070
00025f 5051      	SUBI R21,LOW(1)
000260 e2e0      	LDI  R30,LOW(32)
000261 93ea      	ST   -Y,R30
000262 940e 035f 	CALL SUBOPT_0x2
000264 cff8      	RJMP _0x200006E
                 _0x2000070:
                 _0x200006D:
                 _0x2000071:
                 _0x2000030:
                 _0x20000CC:
000265 e010      	LDI  R17,LOW(0)
                 _0x200001B:
000266 cee0      	RJMP _0x2000016
                 _0x2000018:
000267 85ac      	LDD  R26,Y+12
000268 85bd      	LDD  R27,Y+12+1
000269 940e 03c8 	CALL __GETW1P
00026b 940e 03dc 	CALL __LOADLOCR6
00026d 9664      	ADIW R28,20
00026e 9508      	RET
                 ; .FEND
                 _sprintf:
                 ; .FSTART _sprintf
00026f 92ff      	PUSH R15
000270 2ef8      	MOV  R15,R24
000271 9726      	SBIW R28,6
000272 940e 03d7 	CALL __SAVELOCR4
000274 940e 0377 	CALL SUBOPT_0x5
000276 9730      	SBIW R30,0
000277 f419      	BRNE _0x2000072
000278 efef      	LDI  R30,LOW(65535)
000279 efff      	LDI  R31,HIGH(65535)
00027a c023      	RJMP _0x2080002
                 _0x2000072:
00027b 01de      	MOVW R26,R28
00027c 9616      	ADIW R26,6
00027d 940e 0396 	CALL __ADDW2R15
00027f 018d      	MOVW R16,R26
000280 940e 0377 	CALL SUBOPT_0x5
000282 83ee      	STD  Y+6,R30
000283 83ff      	STD  Y+6+1,R31
000284 e0e0      	LDI  R30,LOW(0)
000285 87e8      	STD  Y+8,R30
000286 87e9      	STD  Y+8+1,R30
000287 01de      	MOVW R26,R28
000288 961a      	ADIW R26,10
000289 940e 0396 	CALL __ADDW2R15
00028b 940e 03c8 	CALL __GETW1P
00028d 93fa      	ST   -Y,R31
00028e 93ea      	ST   -Y,R30
00028f 931a      	ST   -Y,R17
000290 930a      	ST   -Y,R16
000291 efeb      	LDI  R30,LOW(_put_buff_G100)
000292 e0f0      	LDI  R31,HIGH(_put_buff_G100)
000293 93fa      	ST   -Y,R31
000294 93ea      	ST   -Y,R30
000295 01de      	MOVW R26,R28
000296 961a      	ADIW R26,10
000297 dea3      	RCALL __print_G100
000298 019f      	MOVW R18,R30
000299 81ae      	LDD  R26,Y+6
00029a 81bf      	LDD  R27,Y+6+1
00029b e0e0      	LDI  R30,LOW(0)
00029c 93ec      	ST   X,R30
00029d 01f9      	MOVW R30,R18
                 _0x2080002:
00029e 940e 03de 	CALL __LOADLOCR4
0002a0 962a      	ADIW R28,10
0002a1 90ff      	POP  R15
0002a2 9508      	RET
                 ; .FEND
                 	#ifndef __SLEEP_DEFINED__
                 	#endif
                 
                 	.DSEG
                 
                 	.CSEG
                 __lcd_write_nibble_G101:
                 ; .FSTART __lcd_write_nibble_G101
0002a3 93aa      	ST   -Y,R26
0002a4 b3e5      	IN   R30,0x15
0002a5 70ef      	ANDI R30,LOW(0xF)
0002a6 2fae      	MOV  R26,R30
0002a7 81e8      	LD   R30,Y
0002a8 7fe0      	ANDI R30,LOW(0xF0)
0002a9 2bea      	OR   R30,R26
0002aa bbe5      	OUT  0x15,R30
                +
0002ab e08d     +LDI R24 , LOW ( 13 )
                +__DELAY_USB_LOOP :
0002ac 958a     +DEC R24
0002ad f7f1     +BRNE __DELAY_USB_LOOP
                 	__DELAY_USB 13
0002ae 9aaa      	SBI  0x15,2
                +
0002af e08d     +LDI R24 , LOW ( 13 )
                +__DELAY_USB_LOOP :
0002b0 958a     +DEC R24
0002b1 f7f1     +BRNE __DELAY_USB_LOOP
                 	__DELAY_USB 13
0002b2 98aa      	CBI  0x15,2
                +
0002b3 e08d     +LDI R24 , LOW ( 13 )
                +__DELAY_USB_LOOP :
0002b4 958a     +DEC R24
0002b5 f7f1     +BRNE __DELAY_USB_LOOP
                 	__DELAY_USB 13
0002b6 c080      	RJMP _0x2080001
                 ; .FEND
                 __lcd_write_data:
                 ; .FSTART __lcd_write_data
0002b7 93aa      	ST   -Y,R26
0002b8 81a8      	LD   R26,Y
0002b9 dfe9      	RCALL __lcd_write_nibble_G101
0002ba 81e8          ld    r30,y
0002bb 95e2          swap  r30
0002bc 83e8          st    y,r30
0002bd 81a8      	LD   R26,Y
0002be dfe4      	RCALL __lcd_write_nibble_G101
                +
0002bf e885     +LDI R24 , LOW ( 133 )
                +__DELAY_USB_LOOP :
0002c0 958a     +DEC R24
0002c1 f7f1     +BRNE __DELAY_USB_LOOP
                 	__DELAY_USB 133
0002c2 c074      	RJMP _0x2080001
                 ; .FEND
                 _lcd_gotoxy:
                 ; .FSTART _lcd_gotoxy
0002c3 93aa      	ST   -Y,R26
0002c4 81e8      	LD   R30,Y
0002c5 e0f0      	LDI  R31,0
0002c6 58e1      	SUBI R30,LOW(-__base_y_G101)
0002c7 4ffe      	SBCI R31,HIGH(-__base_y_G101)
0002c8 81e0      	LD   R30,Z
0002c9 81a9      	LDD  R26,Y+1
0002ca 0fae      	ADD  R26,R30
0002cb dfeb      	RCALL __lcd_write_data
0002cc 8049      	LDD  R4,Y+1
0002cd 81e8      	LD   R30,Y
0002ce 93e0 0183 	STS  __lcd_y,R30
0002d0 9622      	ADIW R28,2
0002d1 9508      	RET
                 ; .FEND
                 _lcd_clear:
                 ; .FSTART _lcd_clear
0002d2 e0a2      	LDI  R26,LOW(2)
0002d3 940e 037e 	CALL SUBOPT_0x6
0002d5 e0ac      	LDI  R26,LOW(12)
0002d6 dfe0      	RCALL __lcd_write_data
0002d7 e0a1      	LDI  R26,LOW(1)
0002d8 940e 037e 	CALL SUBOPT_0x6
0002da e0e0      	LDI  R30,LOW(0)
0002db 93e0 0183 	STS  __lcd_y,R30
0002dd 2e4e      	MOV  R4,R30
0002de 9508      	RET
                 ; .FEND
                 _lcd_putchar:
                 ; .FSTART _lcd_putchar
0002df 93aa      	ST   -Y,R26
0002e0 81a8      	LD   R26,Y
0002e1 30aa      	CPI  R26,LOW(0xA)
0002e2 f021      	BREQ _0x2020005
0002e3 91e0 0184 	LDS  R30,__lcd_maxx
0002e5 164e      	CP   R4,R30
0002e6 f060      	BRLO _0x2020004
                 _0x2020005:
0002e7 e0e0      	LDI  R30,LOW(0)
0002e8 93ea      	ST   -Y,R30
0002e9 91a0 0183 	LDS  R26,__lcd_y
0002eb 5faf      	SUBI R26,-LOW(1)
0002ec 93a0 0183 	STS  __lcd_y,R26
0002ee dfd4      	RCALL _lcd_gotoxy
0002ef 81a8      	LD   R26,Y
0002f0 30aa      	CPI  R26,LOW(0xA)
0002f1 f409      	BRNE _0x2020007
0002f2 c044      	RJMP _0x2080001
                 _0x2020007:
                 _0x2020004:
0002f3 9443      	INC  R4
0002f4 9aa8      	SBI  0x15,0
0002f5 81a8      	LD   R26,Y
0002f6 dfc0      	RCALL __lcd_write_data
0002f7 98a8      	CBI  0x15,0
0002f8 c03e      	RJMP _0x2080001
                 ; .FEND
                 _lcd_puts:
                 ; .FSTART _lcd_puts
0002f9 93ba      	ST   -Y,R27
0002fa 93aa      	ST   -Y,R26
0002fb 931a      	ST   -Y,R17
                 _0x2020008:
0002fc 81a9      	LDD  R26,Y+1
0002fd 81ba      	LDD  R27,Y+1+1
0002fe 91ed      	LD   R30,X+
0002ff 83a9      	STD  Y+1,R26
000300 83ba      	STD  Y+1+1,R27
000301 2f1e      	MOV  R17,R30
000302 30e0      	CPI  R30,0
000303 f019      	BREQ _0x202000A
000304 2fa1      	MOV  R26,R17
000305 dfd9      	RCALL _lcd_putchar
000306 cff5      	RJMP _0x2020008
                 _0x202000A:
000307 8118      	LDD  R17,Y+0
000308 9623      	ADIW R28,3
000309 9508      	RET
                 ; .FEND
                 _lcd_init:
                 ; .FSTART _lcd_init
00030a 93aa      	ST   -Y,R26
00030b b3e4      	IN   R30,0x14
00030c 6fe0      	ORI  R30,LOW(0xF0)
00030d bbe4      	OUT  0x14,R30
00030e 9aa2      	SBI  0x14,2
00030f 9aa0      	SBI  0x14,0
000310 9aa1      	SBI  0x14,1
000311 98aa      	CBI  0x15,2
000312 98a8      	CBI  0x15,0
000313 98a9      	CBI  0x15,1
000314 81e8      	LD   R30,Y
000315 93e0 0184 	STS  __lcd_maxx,R30
000317 58e0      	SUBI R30,-LOW(128)
                +
000318 93e0 0181+STS __base_y_G101 + ( 2 ) , R30
                 	__PUTB1MN __base_y_G101,2
00031a 81e8      	LD   R30,Y
00031b 54e0      	SUBI R30,-LOW(192)
                +
00031c 93e0 0182+STS __base_y_G101 + ( 3 ) , R30
                 	__PUTB1MN __base_y_G101,3
00031e e1a4      	LDI  R26,LOW(20)
00031f e0b0      	LDI  R27,0
000320 940e 038c 	CALL _delay_ms
000322 940e 0384 	CALL SUBOPT_0x7
000324 940e 0384 	CALL SUBOPT_0x7
000326 940e 0384 	CALL SUBOPT_0x7
000328 e2a0      	LDI  R26,LOW(32)
000329 df79      	RCALL __lcd_write_nibble_G101
                +
00032a ec88     +LDI R24 , LOW ( 200 )
00032b e090     +LDI R25 , HIGH ( 200 )
                +__DELAY_USW_LOOP :
00032c 9701     +SBIW R24 , 1
00032d f7f1     +BRNE __DELAY_USW_LOOP
                 	__DELAY_USW 200
00032e e2a8      	LDI  R26,LOW(40)
00032f df87      	RCALL __lcd_write_data
000330 e0a4      	LDI  R26,LOW(4)
000331 df85      	RCALL __lcd_write_data
000332 e8a5      	LDI  R26,LOW(133)
000333 df83      	RCALL __lcd_write_data
000334 e0a6      	LDI  R26,LOW(6)
000335 df81      	RCALL __lcd_write_data
000336 df9b      	RCALL _lcd_clear
                 _0x2080001:
000337 9621      	ADIW R28,1
000338 9508      	RET
                 ; .FEND
                 
                 	.CSEG
                 
                 	.CSEG
                 _strlen:
                 ; .FSTART _strlen
000339 93ba      	ST   -Y,R27
00033a 93aa      	ST   -Y,R26
00033b 91a9          ld   r26,y+
00033c 91b9          ld   r27,y+
00033d 27ee          clr  r30
00033e 27ff          clr  r31
                 strlen0:
00033f 916d          ld   r22,x+
000340 2366          tst  r22
000341 f011          breq strlen1
000342 9631          adiw r30,1
000343 cffb          rjmp strlen0
                 strlen1:
000344 9508          ret
                 ; .FEND
                 _strlenf:
                 ; .FSTART _strlenf
000345 93ba      	ST   -Y,R27
000346 93aa      	ST   -Y,R26
000347 27aa          clr  r26
000348 27bb          clr  r27
000349 91e9          ld   r30,y+
00034a 91f9          ld   r31,y+
                 strlenf0:
00034b 9005      	lpm  r0,z+
00034c 2000          tst  r0
00034d f011          breq strlenf1
00034e 9611          adiw r26,1
00034f cffb          rjmp strlenf0
                 strlenf1:
000350 01fd          movw r30,r26
000351 9508          ret
                 ; .FEND
                 
                 	.DSEG
                 _frequency:
00016b           	.BYTE 0x4
                 _str:
00016f           	.BYTE 0x10
                 __base_y_G101:
00017f           	.BYTE 0x4
                 __lcd_y:
000183           	.BYTE 0x1
                 __lcd_maxx:
000184           	.BYTE 0x1
                 
                 	.CSEG
                 ;OPTIMIZER ADDED SUBROUTINE, CALLED 5 TIMES, CODE SIZE REDUCTION:13 WORDS
                 SUBOPT_0x0:
000352 932a      	ST   -Y,R18
000353 85ad      	LDD  R26,Y+13
000354 85be      	LDD  R27,Y+13+1
000355 85ef      	LDD  R30,Y+15
000356 89f8      	LDD  R31,Y+15+1
000357 9509      	ICALL
000358 9508      	RET
                 
                 ;OPTIMIZER ADDED SUBROUTINE, CALLED 5 TIMES, CODE SIZE REDUCTION:9 WORDS
                 SUBOPT_0x1:
000359 89e8      	LDD  R30,Y+16
00035a 89f9      	LDD  R31,Y+16+1
00035b 9734      	SBIW R30,4
00035c 8be8      	STD  Y+16,R30
00035d 8bf9      	STD  Y+16+1,R31
00035e 9508      	RET
                 
                 ;OPTIMIZER ADDED SUBROUTINE, CALLED 3 TIMES, CODE SIZE REDUCTION:3 WORDS
                 SUBOPT_0x2:
00035f 85ad      	LDD  R26,Y+13
000360 85be      	LDD  R27,Y+13+1
000361 85ef      	LDD  R30,Y+15
000362 89f8      	LDD  R31,Y+15+1
000363 9509      	ICALL
000364 9508      	RET
                 
                 ;OPTIMIZER ADDED SUBROUTINE, CALLED 2 TIMES, CODE SIZE REDUCTION:4 WORDS
                 SUBOPT_0x3:
000365 89a8      	LDD  R26,Y+16
000366 89b9      	LDD  R27,Y+16+1
000367 9614      	ADIW R26,4
000368 940e 03c8 	CALL __GETW1P
00036a 83ee      	STD  Y+6,R30
00036b 83ff      	STD  Y+6+1,R31
00036c 81ae      	LDD  R26,Y+6
00036d 81bf      	LDD  R27,Y+6+1
00036e 9508      	RET
                 
                 ;OPTIMIZER ADDED SUBROUTINE, CALLED 2 TIMES, CODE SIZE REDUCTION:2 WORDS
                 SUBOPT_0x4:
00036f 89a8      	LDD  R26,Y+16
000370 89b9      	LDD  R27,Y+16+1
000371 9614      	ADIW R26,4
000372 940e 03c8 	CALL __GETW1P
000374 87ea      	STD  Y+10,R30
000375 87fb      	STD  Y+10+1,R31
000376 9508      	RET
                 
                 ;OPTIMIZER ADDED SUBROUTINE, CALLED 2 TIMES, CODE SIZE REDUCTION:1 WORDS
                 SUBOPT_0x5:
000377 01de      	MOVW R26,R28
000378 961c      	ADIW R26,12
000379 940e 0396 	CALL __ADDW2R15
00037b 940e 03c8 	CALL __GETW1P
00037d 9508      	RET
                 
                 ;OPTIMIZER ADDED SUBROUTINE, CALLED 2 TIMES, CODE SIZE REDUCTION:1 WORDS
                 SUBOPT_0x6:
00037e 940e 02b7 	CALL __lcd_write_data
000380 e0a3      	LDI  R26,LOW(3)
000381 e0b0      	LDI  R27,0
000382 940c 038c 	JMP  _delay_ms
                 
                 ;OPTIMIZER ADDED SUBROUTINE, CALLED 3 TIMES, CODE SIZE REDUCTION:7 WORDS
                 SUBOPT_0x7:
000384 e3a0      	LDI  R26,LOW(48)
000385 940e 02a3 	CALL __lcd_write_nibble_G101
                +
000387 ec88     +LDI R24 , LOW ( 200 )
000388 e090     +LDI R25 , HIGH ( 200 )
                +__DELAY_USW_LOOP :
000389 9701     +SBIW R24 , 1
00038a f7f1     +BRNE __DELAY_USW_LOOP
                 	__DELAY_USW 200
00038b 9508      	RET
                 
                 
                 	.CSEG
                 _delay_ms:
00038c 9610      	adiw r26,0
00038d f039      	breq __delay_ms1
                 __delay_ms0:
                +
00038e ed80     +LDI R24 , LOW ( 0x7D0 )
00038f e097     +LDI R25 , HIGH ( 0x7D0 )
                +__DELAY_USW_LOOP :
000390 9701     +SBIW R24 , 1
000391 f7f1     +BRNE __DELAY_USW_LOOP
                 	__DELAY_USW 0x7D0
000392 95a8      	wdr
000393 9711      	sbiw r26,1
000394 f7c9      	brne __delay_ms0
                 __delay_ms1:
000395 9508      	ret
                 
                 __ADDW2R15:
000396 2400      	CLR  R0
000397 0daf      	ADD  R26,R15
000398 1db0      	ADC  R27,R0
000399 9508      	RET
                 
                 __ANEGW1:
00039a 95f1      	NEG  R31
00039b 95e1      	NEG  R30
00039c 40f0      	SBCI R31,0
00039d 9508      	RET
                 
                 __CWD1:
00039e 2f6f      	MOV  R22,R31
00039f 0f66      	ADD  R22,R22
0003a0 0b66      	SBC  R22,R22
0003a1 2f76      	MOV  R23,R22
0003a2 9508      	RET
                 
                 __DIVD21U:
0003a3 933f      	PUSH R19
0003a4 934f      	PUSH R20
0003a5 935f      	PUSH R21
0003a6 2400      	CLR  R0
0003a7 2411      	CLR  R1
0003a8 2744      	CLR  R20
0003a9 2755      	CLR  R21
0003aa e230      	LDI  R19,32
                 __DIVD21U1:
0003ab 0faa      	LSL  R26
0003ac 1fbb      	ROL  R27
0003ad 1f88      	ROL  R24
0003ae 1f99      	ROL  R25
0003af 1c00      	ROL  R0
0003b0 1c11      	ROL  R1
0003b1 1f44      	ROL  R20
0003b2 1f55      	ROL  R21
0003b3 1a0e      	SUB  R0,R30
0003b4 0a1f      	SBC  R1,R31
0003b5 0b46      	SBC  R20,R22
0003b6 0b57      	SBC  R21,R23
0003b7 f428      	BRCC __DIVD21U2
0003b8 0e0e      	ADD  R0,R30
0003b9 1e1f      	ADC  R1,R31
0003ba 1f46      	ADC  R20,R22
0003bb 1f57      	ADC  R21,R23
0003bc c001      	RJMP __DIVD21U3
                 __DIVD21U2:
0003bd 60a1      	SBR  R26,1
                 __DIVD21U3:
0003be 953a      	DEC  R19
0003bf f759      	BRNE __DIVD21U1
0003c0 01fd      	MOVW R30,R26
0003c1 01bc      	MOVW R22,R24
0003c2 01d0      	MOVW R26,R0
0003c3 01ca      	MOVW R24,R20
0003c4 915f      	POP  R21
0003c5 914f      	POP  R20
0003c6 913f      	POP  R19
0003c7 9508      	RET
                 
                 __GETW1P:
0003c8 91ed      	LD   R30,X+
0003c9 91fc      	LD   R31,X
0003ca 9711      	SBIW R26,1
0003cb 9508      	RET
                 
                 __GETW1PF:
0003cc 9005      	LPM  R0,Z+
0003cd 91f4      	LPM  R31,Z
0003ce 2de0      	MOV  R30,R0
0003cf 9508      	RET
                 
                 __PUTPARD1:
0003d0 937a      	ST   -Y,R23
0003d1 936a      	ST   -Y,R22
0003d2 93fa      	ST   -Y,R31
0003d3 93ea      	ST   -Y,R30
0003d4 9508      	RET
                 
                 __SAVELOCR6:
0003d5 935a      	ST   -Y,R21
                 __SAVELOCR5:
0003d6 934a      	ST   -Y,R20
                 __SAVELOCR4:
0003d7 933a      	ST   -Y,R19
                 __SAVELOCR3:
0003d8 932a      	ST   -Y,R18
                 __SAVELOCR2:
0003d9 931a      	ST   -Y,R17
0003da 930a      	ST   -Y,R16
0003db 9508      	RET
                 
                 __LOADLOCR6:
0003dc 815d      	LDD  R21,Y+5
                 __LOADLOCR5:
0003dd 814c      	LDD  R20,Y+4
                 __LOADLOCR4:
0003de 813b      	LDD  R19,Y+3
                 __LOADLOCR3:
0003df 812a      	LDD  R18,Y+2
                 __LOADLOCR2:
0003e0 8119      	LDD  R17,Y+1
0003e1 8108      	LD   R16,Y
0003e2 9508      	RET
                 
                 ;END OF CODE MARKER
                 __END_OF_CODE:


RESOURCE USE INFORMATION
------------------------

Notice:
The register and instruction counts are symbol table hit counts,
and hence implicitly used resources are not counted, eg, the
'lpm' instruction without operands implicitly uses r0 and z,
none of which are counted.

x,y,z are separate entities in the symbol table and are
counted separately from r26..r31 here.

.dseg memory usage only counts static data declared with .byte

ATmega16 register use summary:
r0 :  19 r1 :   7 r2 :   0 r3 :   0 r4 :   4 r5 :   3 r6 :   2 r7 :   1 
r8 :   3 r9 :   1 r10:   1 r11:   0 r12:   0 r13:   0 r14:   0 r15:   4 
r16:  34 r17:  24 r18:  29 r19:  12 r20:  16 r21:  23 r22:  18 r23:   8 
r24:  29 r25:   9 r26: 112 r27:  43 r28:  14 r29:   1 r30: 207 r31:  69 
x  :  23 y  : 190 z  :  15 
Registers used: 29 out of 35 (82.9%)

ATmega16 instruction use summary:
.lds  :   0 .lds.l:   0 .sts  :   0 .sts.l:   0 adc   :   6 add   :   7 
adiw  :  24 and   :   0 andi  :   6 asr   :   0 bclr  :   0 bld   :   0 
brbc  :   0 brbs  :   0 brcc  :   1 brcs  :   0 break :   0 breq  :  17 
brge  :   0 brhc  :   0 brhs  :   0 brid  :   0 brie  :   0 brlo  :   8 
brlt  :   0 brmi  :   1 brne  :  31 brpl  :   1 brsh  :   2 brtc  :   0 
brts  :   0 brvc  :   0 brvs  :   0 bset  :   0 bst   :   0 call  :  55 
cbi   :   5 cbr   :   0 clc   :   0 clh   :   0 cli   :   1 cln   :   0 
clr   :  14 cls   :   0 clt   :   0 clv   :   0 clz   :   0 com   :   0 
cp    :   4 cpc   :   2 cpi   :  33 cpse  :   0 dec   :   6 des   :   0 
eor   :   0 fmul  :   0 fmuls :   0 fmulsu:   0 icall :   2 ijmp  :   0 
in    :   6 inc   :   2 jmp   :  23 ld    :  38 ldd   :  75 ldi   : 106 
lds   :   4 lpm   :  14 lsl   :   1 lsr   :   0 mov   :  19 movw  :  23 
mul   :   2 muls  :   0 mulsu :   0 neg   :   2 nop   :   0 or    :   1 
ori   :   7 out   :  27 pop   :   4 push  :   4 rcall :  14 ret   :  26 
reti  :   2 rjmp  :  60 rol   :   7 ror   :   0 sbc   :   6 sbci  :   2 
sbi   :   5 sbic  :   0 sbis  :   0 sbiw  :  19 sbr   :   1 sbrc  :   2 
sbrs  :  10 sec   :   0 seh   :   0 sei   :   1 sen   :   0 ser   :   0 
ses   :   0 set   :   0 sev   :   0 sez   :   0 sleep :   0 spm   :   0 
st    :  72 std   :  31 sts   :  10 sub   :   3 subi  :  17 swap  :   1 
tst   :   4 wdr   :   1 
Instructions used: 59 out of 116 (50.9%)

ATmega16 memory use summary [bytes]:
Segment   Begin    End      Code   Data   Used    Size   Use%
---------------------------------------------------------------
[.cseg] 0x000000 0x0007c6   1936     54   1990   16384  12.1%
[.dseg] 0x000060 0x000185      0     37     37    1024   3.6%
[.eseg] 0x000000 0x000000      0      0      0     512   0.0%

Assembly complete, 0 errors, 9 warnings
