
AVRASM ver. 2.1.30  C:\Users\Fariba\Documents\micro_project\task3\experiment3\frequency_meter\code\Debug\List\input_capture.asm Sun Dec 27 18:51:03 2020

C:\Users\Fariba\Documents\micro_project\task3\experiment3\frequency_meter\code\Debug\List\input_capture.asm(1088): warning: Register r4 already defined by the .DEF directive
C:\Users\Fariba\Documents\micro_project\task3\experiment3\frequency_meter\code\Debug\List\input_capture.asm(1089): warning: Register r5 already defined by the .DEF directive
C:\Users\Fariba\Documents\micro_project\task3\experiment3\frequency_meter\code\Debug\List\input_capture.asm(1090): warning: Register r6 already defined by the .DEF directive
C:\Users\Fariba\Documents\micro_project\task3\experiment3\frequency_meter\code\Debug\List\input_capture.asm(1091): warning: Register r7 already defined by the .DEF directive
C:\Users\Fariba\Documents\micro_project\task3\experiment3\frequency_meter\code\Debug\List\input_capture.asm(1092): warning: Register r8 already defined by the .DEF directive
C:\Users\Fariba\Documents\micro_project\task3\experiment3\frequency_meter\code\Debug\List\input_capture.asm(1093): warning: Register r9 already defined by the .DEF directive
C:\Users\Fariba\Documents\micro_project\task3\experiment3\frequency_meter\code\Debug\List\input_capture.asm(1094): warning: Register r10 already defined by the .DEF directive
C:\Users\Fariba\Documents\micro_project\task3\experiment3\frequency_meter\code\Debug\List\input_capture.asm(1095): warning: Register r11 already defined by the .DEF directive
C:\Users\Fariba\Documents\micro_project\task3\experiment3\frequency_meter\code\Debug\List\input_capture.asm(1096): warning: Register r13 already defined by the .DEF directive
C:\Users\Fariba\Documents\micro_project\task3\experiment3\frequency_meter\code\Debug\List\input_capture.asm(1097): warning: Register r12 already defined by the .DEF directive
                 
                 
                 ;CodeVisionAVR C Compiler V3.12 Advanced
                 ;(C) Copyright 1998-2014 Pavel Haiduc, HP InfoTech s.r.l.
                 ;http://www.hpinfotech.com
                 
                 ;Build configuration    : Debug
                 ;Chip type              : ATmega16
                 ;Program type           : Application
                 ;Clock frequency        : 8.000000 MHz
                 ;Memory model           : Small
                 ;Optimize for           : Size
                 ;(s)printf features     : int, width
                 ;(s)scanf features      : int, width
                 ;External RAM size      : 0
                 ;Data Stack size        : 256 byte(s)
                 ;Heap size              : 0 byte(s)
                 ;Promote 'char' to 'int': Yes
                 ;'char' is unsigned     : Yes
                 ;8 bit enums            : Yes
                 ;Global 'const' stored in FLASH: Yes
                 ;Enhanced function parameter passing: Yes
                 ;Enhanced core instructions: On
                 ;Automatic register allocation for global variables: On
                 ;Smart register allocation: On
                 
                 	#define _MODEL_SMALL_
                 
                 	#pragma AVRPART ADMIN PART_NAME ATmega16
                 	#pragma AVRPART MEMORY PROG_FLASH 16384
                 	#pragma AVRPART MEMORY EEPROM 512
                 	#pragma AVRPART MEMORY INT_SRAM SIZE 1024
                 	#pragma AVRPART MEMORY INT_SRAM START_ADDR 0x60
                 
                 	#define CALL_SUPPORTED 1
                 
                 	.LISTMAC
                 	.EQU UDRE=0x5
                 	.EQU RXC=0x7
                 	.EQU USR=0xB
                 	.EQU UDR=0xC
                 	.EQU SPSR=0xE
                 	.EQU SPDR=0xF
                 	.EQU EERE=0x0
                 	.EQU EEWE=0x1
                 	.EQU EEMWE=0x2
                 	.EQU EECR=0x1C
                 	.EQU EEDR=0x1D
                 	.EQU EEARL=0x1E
                 	.EQU EEARH=0x1F
                 	.EQU WDTCR=0x21
                 	.EQU MCUCR=0x35
                 	.EQU GICR=0x3B
                 	.EQU SPL=0x3D
                 	.EQU SPH=0x3E
                 	.EQU SREG=0x3F
                 
                 	.DEF R0X0=R0
                 	.DEF R0X1=R1
                 	.DEF R0X2=R2
                 	.DEF R0X3=R3
                 	.DEF R0X4=R4
                 	.DEF R0X5=R5
                 	.DEF R0X6=R6
                 	.DEF R0X7=R7
                 	.DEF R0X8=R8
                 	.DEF R0X9=R9
                 	.DEF R0XA=R10
                 	.DEF R0XB=R11
                 	.DEF R0XC=R12
                 	.DEF R0XD=R13
                 	.DEF R0XE=R14
                 	.DEF R0XF=R15
                 	.DEF R0X10=R16
                 	.DEF R0X11=R17
                 	.DEF R0X12=R18
                 	.DEF R0X13=R19
                 	.DEF R0X14=R20
                 	.DEF R0X15=R21
                 	.DEF R0X16=R22
                 	.DEF R0X17=R23
                 	.DEF R0X18=R24
                 	.DEF R0X19=R25
                 	.DEF R0X1A=R26
                 	.DEF R0X1B=R27
                 	.DEF R0X1C=R28
                 	.DEF R0X1D=R29
                 	.DEF R0X1E=R30
                 	.DEF R0X1F=R31
                 
                 	.EQU __SRAM_START=0x0060
                 	.EQU __SRAM_END=0x045F
                 	.EQU __DSTACK_SIZE=0x0100
                 	.EQU __HEAP_SIZE=0x0000
                 	.EQU __CLEAR_SRAM_SIZE=__SRAM_END-__SRAM_START+1
                 
                 	.MACRO __CPD1N
                 	CPI  R30,LOW(@0)
                 	LDI  R26,HIGH(@0)
                 	CPC  R31,R26
                 	LDI  R26,BYTE3(@0)
                 	CPC  R22,R26
                 	LDI  R26,BYTE4(@0)
                 	CPC  R23,R26
                 	.ENDM
                 
                 	.MACRO __CPD2N
                 	CPI  R26,LOW(@0)
                 	LDI  R30,HIGH(@0)
                 	CPC  R27,R30
                 	LDI  R30,BYTE3(@0)
                 	CPC  R24,R30
                 	LDI  R30,BYTE4(@0)
                 	CPC  R25,R30
                 	.ENDM
                 
                 	.MACRO __CPWRR
                 	CP   R@0,R@2
                 	CPC  R@1,R@3
                 	.ENDM
                 
                 	.MACRO __CPWRN
                 	CPI  R@0,LOW(@2)
                 	LDI  R30,HIGH(@2)
                 	CPC  R@1,R30
                 	.ENDM
                 
                 	.MACRO __ADDB1MN
                 	SUBI R30,LOW(-@0-(@1))
                 	.ENDM
                 
                 	.MACRO __ADDB2MN
                 	SUBI R26,LOW(-@0-(@1))
                 	.ENDM
                 
                 	.MACRO __ADDW1MN
                 	SUBI R30,LOW(-@0-(@1))
                 	SBCI R31,HIGH(-@0-(@1))
                 	.ENDM
                 
                 	.MACRO __ADDW2MN
                 	SUBI R26,LOW(-@0-(@1))
                 	SBCI R27,HIGH(-@0-(@1))
                 	.ENDM
                 
                 	.MACRO __ADDW1FN
                 	SUBI R30,LOW(-2*@0-(@1))
                 	SBCI R31,HIGH(-2*@0-(@1))
                 	.ENDM
                 
                 	.MACRO __ADDD1FN
                 	SUBI R30,LOW(-2*@0-(@1))
                 	SBCI R31,HIGH(-2*@0-(@1))
                 	SBCI R22,BYTE3(-2*@0-(@1))
                 	.ENDM
                 
                 	.MACRO __ADDD1N
                 	SUBI R30,LOW(-@0)
                 	SBCI R31,HIGH(-@0)
                 	SBCI R22,BYTE3(-@0)
                 	SBCI R23,BYTE4(-@0)
                 	.ENDM
                 
                 	.MACRO __ADDD2N
                 	SUBI R26,LOW(-@0)
                 	SBCI R27,HIGH(-@0)
                 	SBCI R24,BYTE3(-@0)
                 	SBCI R25,BYTE4(-@0)
                 	.ENDM
                 
                 	.MACRO __SUBD1N
                 	SUBI R30,LOW(@0)
                 	SBCI R31,HIGH(@0)
                 	SBCI R22,BYTE3(@0)
                 	SBCI R23,BYTE4(@0)
                 	.ENDM
                 
                 	.MACRO __SUBD2N
                 	SUBI R26,LOW(@0)
                 	SBCI R27,HIGH(@0)
                 	SBCI R24,BYTE3(@0)
                 	SBCI R25,BYTE4(@0)
                 	.ENDM
                 
                 	.MACRO __ANDBMNN
                 	LDS  R30,@0+(@1)
                 	ANDI R30,LOW(@2)
                 	STS  @0+(@1),R30
                 	.ENDM
                 
                 	.MACRO __ANDWMNN
                 	LDS  R30,@0+(@1)
                 	ANDI R30,LOW(@2)
                 	STS  @0+(@1),R30
                 	LDS  R30,@0+(@1)+1
                 	ANDI R30,HIGH(@2)
                 	STS  @0+(@1)+1,R30
                 	.ENDM
                 
                 	.MACRO __ANDD1N
                 	ANDI R30,LOW(@0)
                 	ANDI R31,HIGH(@0)
                 	ANDI R22,BYTE3(@0)
                 	ANDI R23,BYTE4(@0)
                 	.ENDM
                 
                 	.MACRO __ANDD2N
                 	ANDI R26,LOW(@0)
                 	ANDI R27,HIGH(@0)
                 	ANDI R24,BYTE3(@0)
                 	ANDI R25,BYTE4(@0)
                 	.ENDM
                 
                 	.MACRO __ORBMNN
                 	LDS  R30,@0+(@1)
                 	ORI  R30,LOW(@2)
                 	STS  @0+(@1),R30
                 	.ENDM
                 
                 	.MACRO __ORWMNN
                 	LDS  R30,@0+(@1)
                 	ORI  R30,LOW(@2)
                 	STS  @0+(@1),R30
                 	LDS  R30,@0+(@1)+1
                 	ORI  R30,HIGH(@2)
                 	STS  @0+(@1)+1,R30
                 	.ENDM
                 
                 	.MACRO __ORD1N
                 	ORI  R30,LOW(@0)
                 	ORI  R31,HIGH(@0)
                 	ORI  R22,BYTE3(@0)
                 	ORI  R23,BYTE4(@0)
                 	.ENDM
                 
                 	.MACRO __ORD2N
                 	ORI  R26,LOW(@0)
                 	ORI  R27,HIGH(@0)
                 	ORI  R24,BYTE3(@0)
                 	ORI  R25,BYTE4(@0)
                 	.ENDM
                 
                 	.MACRO __DELAY_USB
                 	LDI  R24,LOW(@0)
                 __DELAY_USB_LOOP:
                 	DEC  R24
                 	BRNE __DELAY_USB_LOOP
                 	.ENDM
                 
                 	.MACRO __DELAY_USW
                 	LDI  R24,LOW(@0)
                 	LDI  R25,HIGH(@0)
                 __DELAY_USW_LOOP:
                 	SBIW R24,1
                 	BRNE __DELAY_USW_LOOP
                 	.ENDM
                 
                 	.MACRO __GETD1S
                 	LDD  R30,Y+@0
                 	LDD  R31,Y+@0+1
                 	LDD  R22,Y+@0+2
                 	LDD  R23,Y+@0+3
                 	.ENDM
                 
                 	.MACRO __GETD2S
                 	LDD  R26,Y+@0
                 	LDD  R27,Y+@0+1
                 	LDD  R24,Y+@0+2
                 	LDD  R25,Y+@0+3
                 	.ENDM
                 
                 	.MACRO __PUTD1S
                 	STD  Y+@0,R30
                 	STD  Y+@0+1,R31
                 	STD  Y+@0+2,R22
                 	STD  Y+@0+3,R23
                 	.ENDM
                 
                 	.MACRO __PUTD2S
                 	STD  Y+@0,R26
                 	STD  Y+@0+1,R27
                 	STD  Y+@0+2,R24
                 	STD  Y+@0+3,R25
                 	.ENDM
                 
                 	.MACRO __PUTDZ2
                 	STD  Z+@0,R26
                 	STD  Z+@0+1,R27
                 	STD  Z+@0+2,R24
                 	STD  Z+@0+3,R25
                 	.ENDM
                 
                 	.MACRO __CLRD1S
                 	STD  Y+@0,R30
                 	STD  Y+@0+1,R30
                 	STD  Y+@0+2,R30
                 	STD  Y+@0+3,R30
                 	.ENDM
                 
                 	.MACRO __POINTB1MN
                 	LDI  R30,LOW(@0+(@1))
                 	.ENDM
                 
                 	.MACRO __POINTW1MN
                 	LDI  R30,LOW(@0+(@1))
                 	LDI  R31,HIGH(@0+(@1))
                 	.ENDM
                 
                 	.MACRO __POINTD1M
                 	LDI  R30,LOW(@0)
                 	LDI  R31,HIGH(@0)
                 	LDI  R22,BYTE3(@0)
                 	LDI  R23,BYTE4(@0)
                 	.ENDM
                 
                 	.MACRO __POINTW1FN
                 	LDI  R30,LOW(2*@0+(@1))
                 	LDI  R31,HIGH(2*@0+(@1))
                 	.ENDM
                 
                 	.MACRO __POINTD1FN
                 	LDI  R30,LOW(2*@0+(@1))
                 	LDI  R31,HIGH(2*@0+(@1))
                 	LDI  R22,BYTE3(2*@0+(@1))
                 	LDI  R23,BYTE4(2*@0+(@1))
                 	.ENDM
                 
                 	.MACRO __POINTB2MN
                 	LDI  R26,LOW(@0+(@1))
                 	.ENDM
                 
                 	.MACRO __POINTW2MN
                 	LDI  R26,LOW(@0+(@1))
                 	LDI  R27,HIGH(@0+(@1))
                 	.ENDM
                 
                 	.MACRO __POINTW2FN
                 	LDI  R26,LOW(2*@0+(@1))
                 	LDI  R27,HIGH(2*@0+(@1))
                 	.ENDM
                 
                 	.MACRO __POINTD2FN
                 	LDI  R26,LOW(2*@0+(@1))
                 	LDI  R27,HIGH(2*@0+(@1))
                 	LDI  R24,BYTE3(2*@0+(@1))
                 	LDI  R25,BYTE4(2*@0+(@1))
                 	.ENDM
                 
                 	.MACRO __POINTBRM
                 	LDI  R@0,LOW(@1)
                 	.ENDM
                 
                 	.MACRO __POINTWRM
                 	LDI  R@0,LOW(@2)
                 	LDI  R@1,HIGH(@2)
                 	.ENDM
                 
                 	.MACRO __POINTBRMN
                 	LDI  R@0,LOW(@1+(@2))
                 	.ENDM
                 
                 	.MACRO __POINTWRMN
                 	LDI  R@0,LOW(@2+(@3))
                 	LDI  R@1,HIGH(@2+(@3))
                 	.ENDM
                 
                 	.MACRO __POINTWRFN
                 	LDI  R@0,LOW(@2*2+(@3))
                 	LDI  R@1,HIGH(@2*2+(@3))
                 	.ENDM
                 
                 	.MACRO __GETD1N
                 	LDI  R30,LOW(@0)
                 	LDI  R31,HIGH(@0)
                 	LDI  R22,BYTE3(@0)
                 	LDI  R23,BYTE4(@0)
                 	.ENDM
                 
                 	.MACRO __GETD2N
                 	LDI  R26,LOW(@0)
                 	LDI  R27,HIGH(@0)
                 	LDI  R24,BYTE3(@0)
                 	LDI  R25,BYTE4(@0)
                 	.ENDM
                 
                 	.MACRO __GETB1MN
                 	LDS  R30,@0+(@1)
                 	.ENDM
                 
                 	.MACRO __GETB1HMN
                 	LDS  R31,@0+(@1)
                 	.ENDM
                 
                 	.MACRO __GETW1MN
                 	LDS  R30,@0+(@1)
                 	LDS  R31,@0+(@1)+1
                 	.ENDM
                 
                 	.MACRO __GETD1MN
                 	LDS  R30,@0+(@1)
                 	LDS  R31,@0+(@1)+1
                 	LDS  R22,@0+(@1)+2
                 	LDS  R23,@0+(@1)+3
                 	.ENDM
                 
                 	.MACRO __GETBRMN
                 	LDS  R@0,@1+(@2)
                 	.ENDM
                 
                 	.MACRO __GETWRMN
                 	LDS  R@0,@2+(@3)
                 	LDS  R@1,@2+(@3)+1
                 	.ENDM
                 
                 	.MACRO __GETWRZ
                 	LDD  R@0,Z+@2
                 	LDD  R@1,Z+@2+1
                 	.ENDM
                 
                 	.MACRO __GETD2Z
                 	LDD  R26,Z+@0
                 	LDD  R27,Z+@0+1
                 	LDD  R24,Z+@0+2
                 	LDD  R25,Z+@0+3
                 	.ENDM
                 
                 	.MACRO __GETB2MN
                 	LDS  R26,@0+(@1)
                 	.ENDM
                 
                 	.MACRO __GETW2MN
                 	LDS  R26,@0+(@1)
                 	LDS  R27,@0+(@1)+1
                 	.ENDM
                 
                 	.MACRO __GETD2MN
                 	LDS  R26,@0+(@1)
                 	LDS  R27,@0+(@1)+1
                 	LDS  R24,@0+(@1)+2
                 	LDS  R25,@0+(@1)+3
                 	.ENDM
                 
                 	.MACRO __PUTB1MN
                 	STS  @0+(@1),R30
                 	.ENDM
                 
                 	.MACRO __PUTW1MN
                 	STS  @0+(@1),R30
                 	STS  @0+(@1)+1,R31
                 	.ENDM
                 
                 	.MACRO __PUTD1MN
                 	STS  @0+(@1),R30
                 	STS  @0+(@1)+1,R31
                 	STS  @0+(@1)+2,R22
                 	STS  @0+(@1)+3,R23
                 	.ENDM
                 
                 	.MACRO __PUTB1EN
                 	LDI  R26,LOW(@0+(@1))
                 	LDI  R27,HIGH(@0+(@1))
                 	CALL __EEPROMWRB
                 	.ENDM
                 
                 	.MACRO __PUTW1EN
                 	LDI  R26,LOW(@0+(@1))
                 	LDI  R27,HIGH(@0+(@1))
                 	CALL __EEPROMWRW
                 	.ENDM
                 
                 	.MACRO __PUTD1EN
                 	LDI  R26,LOW(@0+(@1))
                 	LDI  R27,HIGH(@0+(@1))
                 	CALL __EEPROMWRD
                 	.ENDM
                 
                 	.MACRO __PUTBR0MN
                 	STS  @0+(@1),R0
                 	.ENDM
                 
                 	.MACRO __PUTBMRN
                 	STS  @0+(@1),R@2
                 	.ENDM
                 
                 	.MACRO __PUTWMRN
                 	STS  @0+(@1),R@2
                 	STS  @0+(@1)+1,R@3
                 	.ENDM
                 
                 	.MACRO __PUTBZR
                 	STD  Z+@1,R@0
                 	.ENDM
                 
                 	.MACRO __PUTWZR
                 	STD  Z+@2,R@0
                 	STD  Z+@2+1,R@1
                 	.ENDM
                 
                 	.MACRO __GETW1R
                 	MOV  R30,R@0
                 	MOV  R31,R@1
                 	.ENDM
                 
                 	.MACRO __GETW2R
                 	MOV  R26,R@0
                 	MOV  R27,R@1
                 	.ENDM
                 
                 	.MACRO __GETWRN
                 	LDI  R@0,LOW(@2)
                 	LDI  R@1,HIGH(@2)
                 	.ENDM
                 
                 	.MACRO __PUTW1R
                 	MOV  R@0,R30
                 	MOV  R@1,R31
                 	.ENDM
                 
                 	.MACRO __PUTW2R
                 	MOV  R@0,R26
                 	MOV  R@1,R27
                 	.ENDM
                 
                 	.MACRO __ADDWRN
                 	SUBI R@0,LOW(-@2)
                 	SBCI R@1,HIGH(-@2)
                 	.ENDM
                 
                 	.MACRO __ADDWRR
                 	ADD  R@0,R@2
                 	ADC  R@1,R@3
                 	.ENDM
                 
                 	.MACRO __SUBWRN
                 	SUBI R@0,LOW(@2)
                 	SBCI R@1,HIGH(@2)
                 	.ENDM
                 
                 	.MACRO __SUBWRR
                 	SUB  R@0,R@2
                 	SBC  R@1,R@3
                 	.ENDM
                 
                 	.MACRO __ANDWRN
                 	ANDI R@0,LOW(@2)
                 	ANDI R@1,HIGH(@2)
                 	.ENDM
                 
                 	.MACRO __ANDWRR
                 	AND  R@0,R@2
                 	AND  R@1,R@3
                 	.ENDM
                 
                 	.MACRO __ORWRN
                 	ORI  R@0,LOW(@2)
                 	ORI  R@1,HIGH(@2)
                 	.ENDM
                 
                 	.MACRO __ORWRR
                 	OR   R@0,R@2
                 	OR   R@1,R@3
                 	.ENDM
                 
                 	.MACRO __EORWRR
                 	EOR  R@0,R@2
                 	EOR  R@1,R@3
                 	.ENDM
                 
                 	.MACRO __GETWRS
                 	LDD  R@0,Y+@2
                 	LDD  R@1,Y+@2+1
                 	.ENDM
                 
                 	.MACRO __PUTBSR
                 	STD  Y+@1,R@0
                 	.ENDM
                 
                 	.MACRO __PUTWSR
                 	STD  Y+@2,R@0
                 	STD  Y+@2+1,R@1
                 	.ENDM
                 
                 	.MACRO __MOVEWRR
                 	MOV  R@0,R@2
                 	MOV  R@1,R@3
                 	.ENDM
                 
                 	.MACRO __INWR
                 	IN   R@0,@2
                 	IN   R@1,@2+1
                 	.ENDM
                 
                 	.MACRO __OUTWR
                 	OUT  @2+1,R@1
                 	OUT  @2,R@0
                 	.ENDM
                 
                 	.MACRO __CALL1MN
                 	LDS  R30,@0+(@1)
                 	LDS  R31,@0+(@1)+1
                 	ICALL
                 	.ENDM
                 
                 	.MACRO __CALL1FN
                 	LDI  R30,LOW(2*@0+(@1))
                 	LDI  R31,HIGH(2*@0+(@1))
                 	CALL __GETW1PF
                 	ICALL
                 	.ENDM
                 
                 	.MACRO __CALL2EN
                 	PUSH R26
                 	PUSH R27
                 	LDI  R26,LOW(@0+(@1))
                 	LDI  R27,HIGH(@0+(@1))
                 	CALL __EEPROMRDW
                 	POP  R27
                 	POP  R26
                 	ICALL
                 	.ENDM
                 
                 	.MACRO __CALL2EX
                 	SUBI R26,LOW(-@0)
                 	SBCI R27,HIGH(-@0)
                 	CALL __EEPROMRDD
                 	ICALL
                 	.ENDM
                 
                 	.MACRO __GETW1STACK
                 	IN   R30,SPL
                 	IN   R31,SPH
                 	ADIW R30,@0+1
                 	LD   R0,Z+
                 	LD   R31,Z
                 	MOV  R30,R0
                 	.ENDM
                 
                 	.MACRO __GETD1STACK
                 	IN   R30,SPL
                 	IN   R31,SPH
                 	ADIW R30,@0+1
                 	LD   R0,Z+
                 	LD   R1,Z+
                 	LD   R22,Z
                 	MOVW R30,R0
                 	.ENDM
                 
                 	.MACRO __NBST
                 	BST  R@0,@1
                 	IN   R30,SREG
                 	LDI  R31,0x40
                 	EOR  R30,R31
                 	OUT  SREG,R30
                 	.ENDM
                 
                 
                 	.MACRO __PUTB1SN
                 	LDD  R26,Y+@0
                 	LDD  R27,Y+@0+1
                 	SUBI R26,LOW(-@1)
                 	SBCI R27,HIGH(-@1)
                 	ST   X,R30
                 	.ENDM
                 
                 	.MACRO __PUTW1SN
                 	LDD  R26,Y+@0
                 	LDD  R27,Y+@0+1
                 	SUBI R26,LOW(-@1)
                 	SBCI R27,HIGH(-@1)
                 	ST   X+,R30
                 	ST   X,R31
                 	.ENDM
                 
                 	.MACRO __PUTD1SN
                 	LDD  R26,Y+@0
                 	LDD  R27,Y+@0+1
                 	SUBI R26,LOW(-@1)
                 	SBCI R27,HIGH(-@1)
                 	CALL __PUTDP1
                 	.ENDM
                 
                 	.MACRO __PUTB1SNS
                 	LDD  R26,Y+@0
                 	LDD  R27,Y+@0+1
                 	ADIW R26,@1
                 	ST   X,R30
                 	.ENDM
                 
                 	.MACRO __PUTW1SNS
                 	LDD  R26,Y+@0
                 	LDD  R27,Y+@0+1
                 	ADIW R26,@1
                 	ST   X+,R30
                 	ST   X,R31
                 	.ENDM
                 
                 	.MACRO __PUTD1SNS
                 	LDD  R26,Y+@0
                 	LDD  R27,Y+@0+1
                 	ADIW R26,@1
                 	CALL __PUTDP1
                 	.ENDM
                 
                 	.MACRO __PUTB1PMN
                 	LDS  R26,@0
                 	LDS  R27,@0+1
                 	SUBI R26,LOW(-@1)
                 	SBCI R27,HIGH(-@1)
                 	ST   X,R30
                 	.ENDM
                 
                 	.MACRO __PUTW1PMN
                 	LDS  R26,@0
                 	LDS  R27,@0+1
                 	SUBI R26,LOW(-@1)
                 	SBCI R27,HIGH(-@1)
                 	ST   X+,R30
                 	ST   X,R31
                 	.ENDM
                 
                 	.MACRO __PUTD1PMN
                 	LDS  R26,@0
                 	LDS  R27,@0+1
                 	SUBI R26,LOW(-@1)
                 	SBCI R27,HIGH(-@1)
                 	CALL __PUTDP1
                 	.ENDM
                 
                 	.MACRO __PUTB1PMNS
                 	LDS  R26,@0
                 	LDS  R27,@0+1
                 	ADIW R26,@1
                 	ST   X,R30
                 	.ENDM
                 
                 	.MACRO __PUTW1PMNS
                 	LDS  R26,@0
                 	LDS  R27,@0+1
                 	ADIW R26,@1
                 	ST   X+,R30
                 	ST   X,R31
                 	.ENDM
                 
                 	.MACRO __PUTD1PMNS
                 	LDS  R26,@0
                 	LDS  R27,@0+1
                 	ADIW R26,@1
                 	CALL __PUTDP1
                 	.ENDM
                 
                 	.MACRO __PUTB1RN
                 	MOVW R26,R@0
                 	SUBI R26,LOW(-@1)
                 	SBCI R27,HIGH(-@1)
                 	ST   X,R30
                 	.ENDM
                 
                 	.MACRO __PUTW1RN
                 	MOVW R26,R@0
                 	SUBI R26,LOW(-@1)
                 	SBCI R27,HIGH(-@1)
                 	ST   X+,R30
                 	ST   X,R31
                 	.ENDM
                 
                 	.MACRO __PUTD1RN
                 	MOVW R26,R@0
                 	SUBI R26,LOW(-@1)
                 	SBCI R27,HIGH(-@1)
                 	CALL __PUTDP1
                 	.ENDM
                 
                 	.MACRO __PUTB1RNS
                 	MOVW R26,R@0
                 	ADIW R26,@1
                 	ST   X,R30
                 	.ENDM
                 
                 	.MACRO __PUTW1RNS
                 	MOVW R26,R@0
                 	ADIW R26,@1
                 	ST   X+,R30
                 	ST   X,R31
                 	.ENDM
                 
                 	.MACRO __PUTD1RNS
                 	MOVW R26,R@0
                 	ADIW R26,@1
                 	CALL __PUTDP1
                 	.ENDM
                 
                 	.MACRO __PUTB1RON
                 	MOV  R26,R@0
                 	MOV  R27,R@1
                 	SUBI R26,LOW(-@2)
                 	SBCI R27,HIGH(-@2)
                 	ST   X,R30
                 	.ENDM
                 
                 	.MACRO __PUTW1RON
                 	MOV  R26,R@0
                 	MOV  R27,R@1
                 	SUBI R26,LOW(-@2)
                 	SBCI R27,HIGH(-@2)
                 	ST   X+,R30
                 	ST   X,R31
                 	.ENDM
                 
                 	.MACRO __PUTD1RON
                 	MOV  R26,R@0
                 	MOV  R27,R@1
                 	SUBI R26,LOW(-@2)
                 	SBCI R27,HIGH(-@2)
                 	CALL __PUTDP1
                 	.ENDM
                 
                 	.MACRO __PUTB1RONS
                 	MOV  R26,R@0
                 	MOV  R27,R@1
                 	ADIW R26,@2
                 	ST   X,R30
                 	.ENDM
                 
                 	.MACRO __PUTW1RONS
                 	MOV  R26,R@0
                 	MOV  R27,R@1
                 	ADIW R26,@2
                 	ST   X+,R30
                 	ST   X,R31
                 	.ENDM
                 
                 	.MACRO __PUTD1RONS
                 	MOV  R26,R@0
                 	MOV  R27,R@1
                 	ADIW R26,@2
                 	CALL __PUTDP1
                 	.ENDM
                 
                 
                 	.MACRO __GETB1SX
                 	MOVW R30,R28
                 	SUBI R30,LOW(-@0)
                 	SBCI R31,HIGH(-@0)
                 	LD   R30,Z
                 	.ENDM
                 
                 	.MACRO __GETB1HSX
                 	MOVW R30,R28
                 	SUBI R30,LOW(-@0)
                 	SBCI R31,HIGH(-@0)
                 	LD   R31,Z
                 	.ENDM
                 
                 	.MACRO __GETW1SX
                 	MOVW R30,R28
                 	SUBI R30,LOW(-@0)
                 	SBCI R31,HIGH(-@0)
                 	LD   R0,Z+
                 	LD   R31,Z
                 	MOV  R30,R0
                 	.ENDM
                 
                 	.MACRO __GETD1SX
                 	MOVW R30,R28
                 	SUBI R30,LOW(-@0)
                 	SBCI R31,HIGH(-@0)
                 	LD   R0,Z+
                 	LD   R1,Z+
                 	LD   R22,Z+
                 	LD   R23,Z
                 	MOVW R30,R0
                 	.ENDM
                 
                 	.MACRO __GETB2SX
                 	MOVW R26,R28
                 	SUBI R26,LOW(-@0)
                 	SBCI R27,HIGH(-@0)
                 	LD   R26,X
                 	.ENDM
                 
                 	.MACRO __GETW2SX
                 	MOVW R26,R28
                 	SUBI R26,LOW(-@0)
                 	SBCI R27,HIGH(-@0)
                 	LD   R0,X+
                 	LD   R27,X
                 	MOV  R26,R0
                 	.ENDM
                 
                 	.MACRO __GETD2SX
                 	MOVW R26,R28
                 	SUBI R26,LOW(-@0)
                 	SBCI R27,HIGH(-@0)
                 	LD   R0,X+
                 	LD   R1,X+
                 	LD   R24,X+
                 	LD   R25,X
                 	MOVW R26,R0
                 	.ENDM
                 
                 	.MACRO __GETBRSX
                 	MOVW R30,R28
                 	SUBI R30,LOW(-@1)
                 	SBCI R31,HIGH(-@1)
                 	LD   R@0,Z
                 	.ENDM
                 
                 	.MACRO __GETWRSX
                 	MOVW R30,R28
                 	SUBI R30,LOW(-@2)
                 	SBCI R31,HIGH(-@2)
                 	LD   R@0,Z+
                 	LD   R@1,Z
                 	.ENDM
                 
                 	.MACRO __GETBRSX2
                 	MOVW R26,R28
                 	SUBI R26,LOW(-@1)
                 	SBCI R27,HIGH(-@1)
                 	LD   R@0,X
                 	.ENDM
                 
                 	.MACRO __GETWRSX2
                 	MOVW R26,R28
                 	SUBI R26,LOW(-@2)
                 	SBCI R27,HIGH(-@2)
                 	LD   R@0,X+
                 	LD   R@1,X
                 	.ENDM
                 
                 	.MACRO __LSLW8SX
                 	MOVW R30,R28
                 	SUBI R30,LOW(-@0)
                 	SBCI R31,HIGH(-@0)
                 	LD   R31,Z
                 	CLR  R30
                 	.ENDM
                 
                 	.MACRO __PUTB1SX
                 	MOVW R26,R28
                 	SUBI R26,LOW(-@0)
                 	SBCI R27,HIGH(-@0)
                 	ST   X,R30
                 	.ENDM
                 
                 	.MACRO __PUTW1SX
                 	MOVW R26,R28
                 	SUBI R26,LOW(-@0)
                 	SBCI R27,HIGH(-@0)
                 	ST   X+,R30
                 	ST   X,R31
                 	.ENDM
                 
                 	.MACRO __PUTD1SX
                 	MOVW R26,R28
                 	SUBI R26,LOW(-@0)
                 	SBCI R27,HIGH(-@0)
                 	ST   X+,R30
                 	ST   X+,R31
                 	ST   X+,R22
                 	ST   X,R23
                 	.ENDM
                 
                 	.MACRO __CLRW1SX
                 	MOVW R26,R28
                 	SUBI R26,LOW(-@0)
                 	SBCI R27,HIGH(-@0)
                 	ST   X+,R30
                 	ST   X,R30
                 	.ENDM
                 
                 	.MACRO __CLRD1SX
                 	MOVW R26,R28
                 	SUBI R26,LOW(-@0)
                 	SBCI R27,HIGH(-@0)
                 	ST   X+,R30
                 	ST   X+,R30
                 	ST   X+,R30
                 	ST   X,R30
                 	.ENDM
                 
                 	.MACRO __PUTB2SX
                 	MOVW R30,R28
                 	SUBI R30,LOW(-@0)
                 	SBCI R31,HIGH(-@0)
                 	ST   Z,R26
                 	.ENDM
                 
                 	.MACRO __PUTW2SX
                 	MOVW R30,R28
                 	SUBI R30,LOW(-@0)
                 	SBCI R31,HIGH(-@0)
                 	ST   Z+,R26
                 	ST   Z,R27
                 	.ENDM
                 
                 	.MACRO __PUTD2SX
                 	MOVW R30,R28
                 	SUBI R30,LOW(-@0)
                 	SBCI R31,HIGH(-@0)
                 	ST   Z+,R26
                 	ST   Z+,R27
                 	ST   Z+,R24
                 	ST   Z,R25
                 	.ENDM
                 
                 	.MACRO __PUTBSRX
                 	MOVW R30,R28
                 	SUBI R30,LOW(-@1)
                 	SBCI R31,HIGH(-@1)
                 	ST   Z,R@0
                 	.ENDM
                 
                 	.MACRO __PUTWSRX
                 	MOVW R30,R28
                 	SUBI R30,LOW(-@2)
                 	SBCI R31,HIGH(-@2)
                 	ST   Z+,R@0
                 	ST   Z,R@1
                 	.ENDM
                 
                 	.MACRO __PUTB1SNX
                 	MOVW R26,R28
                 	SUBI R26,LOW(-@0)
                 	SBCI R27,HIGH(-@0)
                 	LD   R0,X+
                 	LD   R27,X
                 	MOV  R26,R0
                 	SUBI R26,LOW(-@1)
                 	SBCI R27,HIGH(-@1)
                 	ST   X,R30
                 	.ENDM
                 
                 	.MACRO __PUTW1SNX
                 	MOVW R26,R28
                 	SUBI R26,LOW(-@0)
                 	SBCI R27,HIGH(-@0)
                 	LD   R0,X+
                 	LD   R27,X
                 	MOV  R26,R0
                 	SUBI R26,LOW(-@1)
                 	SBCI R27,HIGH(-@1)
                 	ST   X+,R30
                 	ST   X,R31
                 	.ENDM
                 
                 	.MACRO __PUTD1SNX
                 	MOVW R26,R28
                 	SUBI R26,LOW(-@0)
                 	SBCI R27,HIGH(-@0)
                 	LD   R0,X+
                 	LD   R27,X
                 	MOV  R26,R0
                 	SUBI R26,LOW(-@1)
                 	SBCI R27,HIGH(-@1)
                 	ST   X+,R30
                 	ST   X+,R31
                 	ST   X+,R22
                 	ST   X,R23
                 	.ENDM
                 
                 	.MACRO __MULBRR
                 	MULS R@0,R@1
                 	MOVW R30,R0
                 	.ENDM
                 
                 	.MACRO __MULBRRU
                 	MUL  R@0,R@1
                 	MOVW R30,R0
                 	.ENDM
                 
                 	.MACRO __MULBRR0
                 	MULS R@0,R@1
                 	.ENDM
                 
                 	.MACRO __MULBRRU0
                 	MUL  R@0,R@1
                 	.ENDM
                 
                 	.MACRO __MULBNWRU
                 	LDI  R26,@2
                 	MUL  R26,R@0
                 	MOVW R30,R0
                 	MUL  R26,R@1
                 	ADD  R31,R0
                 	.ENDM
                 
                 ;NAME DEFINITIONS FOR GLOBAL VARIABLES ALLOCATED TO REGISTERS
                 	.DEF _start_time=R4
                 	.DEF _start_time_msb=R5
                 	.DEF _stop_time=R6
                 	.DEF _stop_time_msb=R7
                 	.DEF _start_f_time=R8
                 	.DEF _start_f_time_msb=R9
                 	.DEF _period=R10
                 	.DEF _period_msb=R11
                 	.DEF __lcd_x=R13
                 	.DEF __lcd_y=R12
                 
                 	.CSEG
                 	.ORG 0x00
                 
                 ;START OF CODE MARKER
                 __START_OF_CODE:
                 
                 ;INTERRUPT VECTORS
000000 940c 0045 	JMP  __RESET
000002 940c 0000 	JMP  0x00
000004 940c 0000 	JMP  0x00
000006 940c 0000 	JMP  0x00
000008 940c 0000 	JMP  0x00
00000a 940c 0000 	JMP  0x00
00000c 940c 0000 	JMP  0x00
00000e 940c 0000 	JMP  0x00
000010 940c 0000 	JMP  0x00
000012 940c 0000 	JMP  0x00
000014 940c 0000 	JMP  0x00
000016 940c 0000 	JMP  0x00
000018 940c 0000 	JMP  0x00
00001a 940c 0000 	JMP  0x00
00001c 940c 0000 	JMP  0x00
00001e 940c 0000 	JMP  0x00
000020 940c 0000 	JMP  0x00
000022 940c 0000 	JMP  0x00
000024 940c 0000 	JMP  0x00
000026 940c 0000 	JMP  0x00
000028 940c 0000 	JMP  0x00
                 
                 _tbl10_G100:
00002a 2710
00002b 03e8
00002c 0064
00002d 000a      	.DB  0x10,0x27,0xE8,0x3,0x64,0x0,0xA,0x0
00002e 0001      	.DB  0x1,0x0
                 _tbl16_G100:
00002f 1000
000030 0100
000031 0010
000032 0001      	.DB  0x0,0x10,0x0,0x1,0x10,0x0,0x1,0x0
                 
                 _0x0:
000033 6425
000034 2820
000035 7a48
000036 0029      	.DB  0x25,0x64,0x20,0x28,0x48,0x7A,0x29,0x0
000037 7246
000038 7165
000039 6575
00003a 636e      	.DB  0x46,0x72,0x65,0x71,0x75,0x65,0x6E,0x63
00003b 2079
00003c 003a      	.DB  0x79,0x20,0x3A,0x0
                 _0x2020003:
00003d c080      	.DB  0x80,0xC0
                 
                 __GLOBAL_INI_TBL:
00003e 000c      	.DW  0x0C
00003f 0160      	.DW  _0x10
000040 006e      	.DW  _0x0*2+8
                 
000041 0002      	.DW  0x02
000042 0180      	.DW  __base_y_G101
000043 007a      	.DW  _0x2020003*2
                 
                 _0xFFFFFFFF:
000044 0000      	.DW  0
                 
                 #define __GLOBAL_INI_TBL_PRESENT 1
                 
                 __RESET:
000045 94f8      	CLI
000046 27ee      	CLR  R30
000047 bbec      	OUT  EECR,R30
                 
                 ;INTERRUPT VECTORS ARE PLACED
                 ;AT THE START OF FLASH
000048 e0f1      	LDI  R31,1
000049 bffb      	OUT  GICR,R31
00004a bfeb      	OUT  GICR,R30
00004b bfe5      	OUT  MCUCR,R30
                 
                 ;CLEAR R2-R14
00004c e08d      	LDI  R24,(14-2)+1
00004d e0a2      	LDI  R26,2
00004e 27bb      	CLR  R27
                 __CLEAR_REG:
00004f 93ed      	ST   X+,R30
000050 958a      	DEC  R24
000051 f7e9      	BRNE __CLEAR_REG
                 
                 ;CLEAR SRAM
000052 e080      	LDI  R24,LOW(__CLEAR_SRAM_SIZE)
000053 e094      	LDI  R25,HIGH(__CLEAR_SRAM_SIZE)
000054 e6a0      	LDI  R26,__SRAM_START
                 __CLEAR_SRAM:
000055 93ed      	ST   X+,R30
000056 9701      	SBIW R24,1
000057 f7e9      	BRNE __CLEAR_SRAM
                 
                 ;GLOBAL VARIABLES INITIALIZATION
000058 e7ec      	LDI  R30,LOW(__GLOBAL_INI_TBL*2)
000059 e0f0      	LDI  R31,HIGH(__GLOBAL_INI_TBL*2)
                 __GLOBAL_INI_NEXT:
00005a 9185      	LPM  R24,Z+
00005b 9195      	LPM  R25,Z+
00005c 9700      	SBIW R24,0
00005d f061      	BREQ __GLOBAL_INI_END
00005e 91a5      	LPM  R26,Z+
00005f 91b5      	LPM  R27,Z+
000060 9005      	LPM  R0,Z+
000061 9015      	LPM  R1,Z+
000062 01bf      	MOVW R22,R30
000063 01f0      	MOVW R30,R0
                 __GLOBAL_INI_LOOP:
000064 9005      	LPM  R0,Z+
000065 920d      	ST   X+,R0
000066 9701      	SBIW R24,1
000067 f7e1      	BRNE __GLOBAL_INI_LOOP
000068 01fb      	MOVW R30,R22
000069 cff0      	RJMP __GLOBAL_INI_NEXT
                 __GLOBAL_INI_END:
                 
                 ;HARDWARE STACK POINTER INITIALIZATION
00006a e5ef      	LDI  R30,LOW(__SRAM_END-__HEAP_SIZE)
00006b bfed      	OUT  SPL,R30
00006c e0e4      	LDI  R30,HIGH(__SRAM_END-__HEAP_SIZE)
00006d bfee      	OUT  SPH,R30
                 
                 ;DATA STACK POINTER INITIALIZATION
00006e e6c0      	LDI  R28,LOW(__SRAM_START+__DSTACK_SIZE)
00006f e0d1      	LDI  R29,HIGH(__SRAM_START+__DSTACK_SIZE)
                 
000070 940c 0072 	JMP  _main
                 
                 	.ESEG
                 	.ORG 0
                 
                 	.DSEG
                 	.ORG 0x160
                 
                 	.CSEG
                 ;/*******************************************************
                 ;This program was created by the
                 ;CodeWizardAVR V3.12 Advanced
                 ;Automatic Program Generator
                 ;© Copyright 1998-2014 Pavel Haiduc, HP InfoTech s.r.l.
                 ;http://www.hpinfotech.com
                 ;
                 ;Project : task3 - question3
                 ;Version :
                 ;Date    : 12/27/2020
                 ;Author  : Fariba Saadati
                 ;Company :
                 ;Comments:
                 ;
                 ;
                 ;Chip type               : ATmega16
                 ;Program type            : Application
                 ;AVR Core Clock frequency: 8.000000 MHz
                 ;Memory model            : Small
                 ;External RAM size       : 0
                 ;Data Stack size         : 256
                 ;*******************************************************/
                 ;
                 ;#include <mega16.h>
                 	#ifndef __SLEEP_DEFINED__
                 	#define __SLEEP_DEFINED__
                 	.EQU __se_bit=0x40
                 	.EQU __sm_mask=0xB0
                 	.EQU __sm_powerdown=0x20
                 	.EQU __sm_powersave=0x30
                 	.EQU __sm_standby=0xA0
                 	.EQU __sm_ext_standby=0xB0
                 	.EQU __sm_adc_noise_red=0x10
                 	.SET power_ctrl_reg=mcucr
                 	#endif
                 ;#include <delay.h>
                 ;#include <stdio.h>
                 ;#include <alcd.h>
                 ;
                 ;unsigned int start_time,stop_time,start_f_time,period;
                 ;long frequency;
                 ;char str[16];
                 ;
                 ;
                 ;void main(void)
                 ; 0000 0023 {
                 
                 	.CSEG
                 _main:
                 ; .FSTART _main
                 ; 0000 0024 
                 ; 0000 0025 DDRC=(1<<DDC7) | (1<<DDC6) | (1<<DDC5) | (1<<DDC4) | (1<<DDC3) | (1<<DDC2) | (1<<DDC1) | (1<<DDC0);
000072 efef      	LDI  R30,LOW(255)
000073 bbe4      	OUT  0x14,R30
                 ; 0000 0026 PORTC=(0<<PORTC7) | (0<<PORTC6) | (0<<PORTC5) | (0<<PORTC4) | (0<<PORTC3) | (0<<PORTC2) | (0<<PORTC1) | (0<<PORTC0);
000074 e0e0      	LDI  R30,LOW(0)
000075 bbe5      	OUT  0x15,R30
                 ; 0000 0027 
                 ; 0000 0028 
                 ; 0000 0029 
                 ; 0000 002A // Timer/Counter 1 initialization
                 ; 0000 002B // Clock source: System Clock
                 ; 0000 002C // Clock value: 8000.000 kHz
                 ; 0000 002D // Mode: Normal top=0xFFFF
                 ; 0000 002E // OC1A output: Disconnected
                 ; 0000 002F // OC1B output: Disconnected
                 ; 0000 0030 // Noise Canceler: Off
                 ; 0000 0031 // Input Capture on Rising Edge
                 ; 0000 0032 // Timer Period: 8.192 ms
                 ; 0000 0033 // Timer1 Overflow Interrupt: Off
                 ; 0000 0034 // Input Capture Interrupt: Off
                 ; 0000 0035 // Compare A Match Interrupt: Off
                 ; 0000 0036 // Compare B Match Interrupt: Off
                 ; 0000 0037 TCCR1A=(0<<COM1A1) | (0<<COM1A0) | (0<<COM1B1) | (0<<COM1B0) | (0<<WGM11) | (0<<WGM10);
000076 bdef      	OUT  0x2F,R30
                 ; 0000 0038 TCCR1B=(0<<ICNC1) | (1<<ICES1) | (0<<WGM13) | (0<<WGM12) | (0<<CS12) | (0<<CS11) | (1<<CS10);
000077 e4e1      	LDI  R30,LOW(65)
000078 bdee      	OUT  0x2E,R30
                 ; 0000 0039 TCNT1H=0x00;
000079 e0e0      	LDI  R30,LOW(0)
00007a bded      	OUT  0x2D,R30
                 ; 0000 003A TCNT1L=0x00;
00007b bdec      	OUT  0x2C,R30
                 ; 0000 003B ICR1H=0x00;
00007c bde7      	OUT  0x27,R30
                 ; 0000 003C ICR1L=0x00;
00007d bde6      	OUT  0x26,R30
                 ; 0000 003D OCR1AH=0x00;
00007e bdeb      	OUT  0x2B,R30
                 ; 0000 003E OCR1AL=0x00;
00007f bdea      	OUT  0x2A,R30
                 ; 0000 003F OCR1BH=0x00;
000080 bde9      	OUT  0x29,R30
                 ; 0000 0040 OCR1BL=0x00;
000081 bde8      	OUT  0x28,R30
                 ; 0000 0041 
                 ; 0000 0042 // Analog Comparator initialization
                 ; 0000 0043 // Analog Comparator: Off
                 ; 0000 0044 // The Analog Comparator's positive input is
                 ; 0000 0045 // connected to the AIN0 pin
                 ; 0000 0046 // The Analog Comparator's negative input is
                 ; 0000 0047 // connected to the AIN1 pin
                 ; 0000 0048 ACSR=(1<<ACD) | (0<<ACBG) | (0<<ACO) | (0<<ACI) | (0<<ACIE) | (0<<ACIC) | (0<<ACIS1) | (0<<ACIS0);
000082 e8e0      	LDI  R30,LOW(128)
000083 b9e8      	OUT  0x8,R30
                 ; 0000 0049 SFIOR=(0<<ACME);
000084 e0e0      	LDI  R30,LOW(0)
000085 bfe0      	OUT  0x30,R30
                 ; 0000 004A 
                 ; 0000 004B // Alphanumeric LCD initialization
                 ; 0000 004C // Connections are specified in the
                 ; 0000 004D // Project|Configure|C Compiler|Libraries|Alphanumeric LCD menu:
                 ; 0000 004E // RS - PORTC Bit 0
                 ; 0000 004F // RD - PORTC Bit 1
                 ; 0000 0050 // EN - PORTC Bit 2
                 ; 0000 0051 // D4 - PORTC Bit 4
                 ; 0000 0052 // D5 - PORTC Bit 5
                 ; 0000 0053 // D6 - PORTC Bit 6
                 ; 0000 0054 // D7 - PORTC Bit 7
                 ; 0000 0055 // Characters/line: 16
                 ; 0000 0056 lcd_init(16);
000086 e1a0      	LDI  R26,LOW(16)
000087 940e 02ff 	CALL _lcd_init
                 ; 0000 0057 
                 ; 0000 0058 while (1)
                 _0x3:
                 ; 0000 0059       {
                 ; 0000 005A       TCCR1A = 0;
000089 e0e0      	LDI  R30,LOW(0)
00008a bdef      	OUT  0x2F,R30
                 ; 0000 005B       TCNT1=0;
00008b e0e0      	LDI  R30,LOW(0)
00008c e0f0      	LDI  R31,HIGH(0)
00008d bdfd      	OUT  0x2C+1,R31
00008e bdec      	OUT  0x2C,R30
                 ; 0000 005C       TIFR = (1<<ICF1);
00008f e2e0      	LDI  R30,LOW(32)
000090 bfe8      	OUT  0x38,R30
                 ; 0000 005D       TCCR1B = 0x41;
000091 e4e1      	LDI  R30,LOW(65)
000092 bdee      	OUT  0x2E,R30
                 ; 0000 005E 
                 ; 0000 005F         while ((TIFR&(1<<ICF1)) == 0);
                 _0x6:
000093 b7e8      	IN   R30,0x38
000094 ffe5      	SBRS R30,5
000095 cffd      	RJMP _0x6
                 ; 0000 0060         start_time = (256*ICR1H+ICR1L);
000096 940e 0347 	CALL SUBOPT_0x0
000098 012f      	MOVW R4,R30
                 ; 0000 0061         TIFR = (1<<ICF1);
000099 e2e0      	LDI  R30,LOW(32)
00009a bfe8      	OUT  0x38,R30
                 ; 0000 0062 
                 ; 0000 0063         TCCR1B = 0x01;
00009b e0e1      	LDI  R30,LOW(1)
00009c bdee      	OUT  0x2E,R30
                 ; 0000 0064         while ((TIFR&(1<<ICF1)) == 0);
                 _0x9:
00009d b7e8      	IN   R30,0x38
00009e ffe5      	SBRS R30,5
00009f cffd      	RJMP _0x9
                 ; 0000 0065         start_f_time = (256*ICR1H+ICR1L);
0000a0 940e 0347 	CALL SUBOPT_0x0
0000a2 014f      	MOVW R8,R30
                 ; 0000 0066         TIFR = (1<<ICF1);
0000a3 e2e0      	LDI  R30,LOW(32)
0000a4 bfe8      	OUT  0x38,R30
                 ; 0000 0067 
                 ; 0000 0068         TCCR1B = 0x41;
0000a5 e4e1      	LDI  R30,LOW(65)
0000a6 bdee      	OUT  0x2E,R30
                 ; 0000 0069         while ((TIFR&(1<<ICF1)) == 0);
                 _0xC:
0000a7 b7e8      	IN   R30,0x38
0000a8 ffe5      	SBRS R30,5
0000a9 cffd      	RJMP _0xC
                 ; 0000 006A         stop_time = (256*ICR1H+ICR1L);
0000aa 940e 0347 	CALL SUBOPT_0x0
0000ac 013f      	MOVW R6,R30
                 ; 0000 006B         TIFR = (1<<ICF1);
0000ad e2e0      	LDI  R30,LOW(32)
0000ae bfe8      	OUT  0x38,R30
                 ; 0000 006C 
                 ; 0000 006D         TCCR1B = 0;
0000af e0e0      	LDI  R30,LOW(0)
0000b0 bdee      	OUT  0x2E,R30
                 ; 0000 006E 
                 ; 0000 006F 		if(start_time < stop_time)
                +
0000b1 1446     +CP R4 , R6
0000b2 0457     +CPC R5 , R7
                 	__CPWRR 4,5,6,7
0000b3 f5e0      	BRSH _0xF
                 ; 0000 0070 		{
                 ; 0000 0071 			period = stop_time - start_time;
0000b4 01f3      	MOVW R30,R6
0000b5 19e4      	SUB  R30,R4
0000b6 09f5      	SBC  R31,R5
0000b7 015f      	MOVW R10,R30
                 ; 0000 0072 
                 ; 0000 0073 			frequency= 8000000UL/period;
0000b8 2766      	CLR  R22
0000b9 2777      	CLR  R23
                +
0000ba e0a0     +LDI R26 , LOW ( 0x7A1200 )
0000bb e1b2     +LDI R27 , HIGH ( 0x7A1200 )
0000bc e78a     +LDI R24 , BYTE3 ( 0x7A1200 )
0000bd e090     +LDI R25 , BYTE4 ( 0x7A1200 )
                 	__GETD2N 0x7A1200
0000be 940e 03a1 	CALL __DIVD21U
0000c0 93e0 016c 	STS  _frequency,R30
0000c2 93f0 016d 	STS  _frequency+1,R31
0000c4 9360 016e 	STS  _frequency+2,R22
0000c6 9370 016f 	STS  _frequency+3,R23
                 ; 0000 0074             sprintf(str,"%d (Hz)", (int)frequency);
0000c8 e7e0      	LDI  R30,LOW(_str)
0000c9 e0f1      	LDI  R31,HIGH(_str)
0000ca 93fa      	ST   -Y,R31
0000cb 93ea      	ST   -Y,R30
                +
0000cc e6e6     +LDI R30 , LOW ( 2 * _0x0 + ( 0 ) )
0000cd e0f0     +LDI R31 , HIGH ( 2 * _0x0 + ( 0 ) )
                 	__POINTW1FN _0x0,0
0000ce 93fa      	ST   -Y,R31
0000cf 93ea      	ST   -Y,R30
0000d0 91e0 016c 	LDS  R30,_frequency
0000d2 91f0 016d 	LDS  R31,_frequency+1
0000d4 940e 039c 	CALL __CWD1
0000d6 940e 03ce 	CALL __PUTPARD1
0000d8 e084      	LDI  R24,4
0000d9 940e 026a 	CALL _sprintf
0000db 9628      	ADIW R28,8
                 ; 0000 0075 
                 ; 0000 0076             lcd_clear();
0000dc 940e 02cb 	CALL _lcd_clear
                 ; 0000 0077             lcd_gotoxy(2,0);
0000de e0e2      	LDI  R30,LOW(2)
0000df 93ea      	ST   -Y,R30
0000e0 e0a0      	LDI  R26,LOW(0)
0000e1 940e 02be 	CALL _lcd_gotoxy
                 ; 0000 0078 			lcd_puts("Frequency :");
                +
0000e3 e6a0     +LDI R26 , LOW ( _0x10 + ( 0 ) )
0000e4 e0b1     +LDI R27 , HIGH ( _0x10 + ( 0 ) )
                 	__POINTW2MN _0x10,0
0000e5 940e 02ee 	CALL _lcd_puts
                 ; 0000 0079             lcd_gotoxy(4,1);
0000e7 e0e4      	LDI  R30,LOW(4)
0000e8 93ea      	ST   -Y,R30
0000e9 e0a1      	LDI  R26,LOW(1)
0000ea 940e 02be 	CALL _lcd_gotoxy
                 ; 0000 007A             lcd_puts(str);
0000ec e7a0      	LDI  R26,LOW(_str)
0000ed e0b1      	LDI  R27,HIGH(_str)
0000ee 940e 02ee 	CALL _lcd_puts
                 ; 0000 007B 		}
                 ; 0000 007C 
                 ; 0000 007D         delay_ms(500);
                 _0xF:
0000f0 efa4      	LDI  R26,LOW(500)
0000f1 e0b1      	LDI  R27,HIGH(500)
0000f2 940e 038a 	CALL _delay_ms
                 ; 0000 007E 
                 ; 0000 007F       }
0000f4 cf94      	RJMP _0x3
                 ; 0000 0080 }
                 _0x11:
0000f5 cfff      	RJMP _0x11
                 ; .FEND
                 
                 	.DSEG
                 _0x10:
000160           	.BYTE 0xC
                 	#ifndef __SLEEP_DEFINED__
                 	#endif
                 
                 	.CSEG
                 _put_buff_G100:
                 ; .FSTART _put_buff_G100
0000f6 93ba      	ST   -Y,R27
0000f7 93aa      	ST   -Y,R26
0000f8 931a      	ST   -Y,R17
0000f9 930a      	ST   -Y,R16
0000fa 81aa      	LDD  R26,Y+2
0000fb 81bb      	LDD  R27,Y+2+1
0000fc 9612      	ADIW R26,2
0000fd 940e 03c6 	CALL __GETW1P
0000ff 9730      	SBIW R30,0
000100 f159      	BREQ _0x2000010
000101 81aa      	LDD  R26,Y+2
000102 81bb      	LDD  R27,Y+2+1
000103 9614      	ADIW R26,4
000104 940e 03c6 	CALL __GETW1P
000106 018f      	MOVW R16,R30
000107 9730      	SBIW R30,0
000108 f061      	BREQ _0x2000012
                +
000109 3002     +CPI R16 , LOW ( 2 )
00010a e0e0     +LDI R30 , HIGH ( 2 )
00010b 071e     +CPC R17 , R30
                 	__CPWRN 16,17,2
00010c f098      	BRLO _0x2000013
00010d 01f8      	MOVW R30,R16
00010e 9731      	SBIW R30,1
00010f 018f      	MOVW R16,R30
                +
000110 81aa     +LDD R26 , Y + 2
000111 81bb     +LDD R27 , Y + 2 + 1
000112 9614     +ADIW R26 , 4
000113 93ed     +ST X + , R30
000114 93fc     +ST X , R31
                 	__PUTW1SNS 2,4
                 _0x2000012:
000115 81aa      	LDD  R26,Y+2
000116 81bb      	LDD  R27,Y+2+1
000117 9612      	ADIW R26,2
000118 91ed      	LD   R30,X+
000119 91fd      	LD   R31,X+
00011a 9631      	ADIW R30,1
00011b 93fe      	ST   -X,R31
00011c 93ee      	ST   -X,R30
00011d 9731      	SBIW R30,1
00011e 81ac      	LDD  R26,Y+4
00011f 83a0      	STD  Z+0,R26
                 _0x2000013:
000120 81aa      	LDD  R26,Y+2
000121 81bb      	LDD  R27,Y+2+1
000122 940e 03c6 	CALL __GETW1P
000124 23ff      	TST  R31
000125 f02a      	BRMI _0x2000014
000126 91ed      	LD   R30,X+
000127 91fd      	LD   R31,X+
000128 9631      	ADIW R30,1
000129 93fe      	ST   -X,R31
00012a 93ee      	ST   -X,R30
                 _0x2000014:
00012b c006      	RJMP _0x2000015
                 _0x2000010:
00012c 81aa      	LDD  R26,Y+2
00012d 81bb      	LDD  R27,Y+2+1
00012e efef      	LDI  R30,LOW(65535)
00012f efff      	LDI  R31,HIGH(65535)
000130 93ed      	ST   X+,R30
000131 93fc      	ST   X,R31
                 _0x2000015:
000132 8119      	LDD  R17,Y+1
000133 8108      	LDD  R16,Y+0
000134 9625      	ADIW R28,5
000135 9508      	RET
                 ; .FEND
                 __print_G100:
                 ; .FSTART __print_G100
000136 93ba      	ST   -Y,R27
000137 93aa      	ST   -Y,R26
000138 9726      	SBIW R28,6
000139 940e 03d3 	CALL __SAVELOCR6
00013b e010      	LDI  R17,0
00013c 85ac      	LDD  R26,Y+12
00013d 85bd      	LDD  R27,Y+12+1
00013e e0e0      	LDI  R30,LOW(0)
00013f e0f0      	LDI  R31,HIGH(0)
000140 93ed      	ST   X+,R30
000141 93fc      	ST   X,R31
                 _0x2000016:
000142 89ea      	LDD  R30,Y+18
000143 89fb      	LDD  R31,Y+18+1
000144 9631      	ADIW R30,1
000145 8bea      	STD  Y+18,R30
000146 8bfb      	STD  Y+18+1,R31
000147 9731      	SBIW R30,1
000148 91e4      	LPM  R30,Z
000149 2f2e      	MOV  R18,R30
00014a 30e0      	CPI  R30,0
00014b f409      	BRNE PC+2
00014c c115      	RJMP _0x2000018
00014d 2fe1      	MOV  R30,R17
00014e 30e0      	CPI  R30,0
00014f f439      	BRNE _0x200001C
000150 3225      	CPI  R18,37
000151 f411      	BRNE _0x200001D
000152 e011      	LDI  R17,LOW(1)
000153 c002      	RJMP _0x200001E
                 _0x200001D:
000154 940e 0350 	CALL SUBOPT_0x1
                 _0x200001E:
000156 c10a      	RJMP _0x200001B
                 _0x200001C:
000157 30e1      	CPI  R30,LOW(0x1)
000158 f4a9      	BRNE _0x200001F
000159 3225      	CPI  R18,37
00015a f419      	BRNE _0x2000020
00015b 940e 0350 	CALL SUBOPT_0x1
00015d c102      	RJMP _0x20000CC
                 _0x2000020:
00015e e012      	LDI  R17,LOW(2)
00015f e040      	LDI  R20,LOW(0)
000160 e000      	LDI  R16,LOW(0)
000161 322d      	CPI  R18,45
000162 f411      	BRNE _0x2000021
000163 e001      	LDI  R16,LOW(1)
000164 c0fc      	RJMP _0x200001B
                 _0x2000021:
000165 322b      	CPI  R18,43
000166 f411      	BRNE _0x2000022
000167 e24b      	LDI  R20,LOW(43)
000168 c0f8      	RJMP _0x200001B
                 _0x2000022:
000169 3220      	CPI  R18,32
00016a f411      	BRNE _0x2000023
00016b e240      	LDI  R20,LOW(32)
00016c c0f4      	RJMP _0x200001B
                 _0x2000023:
00016d c002      	RJMP _0x2000024
                 _0x200001F:
00016e 30e2      	CPI  R30,LOW(0x2)
00016f f439      	BRNE _0x2000025
                 _0x2000024:
000170 e050      	LDI  R21,LOW(0)
000171 e013      	LDI  R17,LOW(3)
000172 3320      	CPI  R18,48
000173 f411      	BRNE _0x2000026
000174 6800      	ORI  R16,LOW(128)
000175 c0eb      	RJMP _0x200001B
                 _0x2000026:
000176 c003      	RJMP _0x2000027
                 _0x2000025:
000177 30e3      	CPI  R30,LOW(0x3)
000178 f009      	BREQ PC+2
000179 c0e7      	RJMP _0x200001B
                 _0x2000027:
00017a 3320      	CPI  R18,48
00017b f010      	BRLO _0x200002A
00017c 332a      	CPI  R18,58
00017d f008      	BRLO _0x200002B
                 _0x200002A:
00017e c007      	RJMP _0x2000029
                 _0x200002B:
00017f e0aa      	LDI  R26,LOW(10)
000180 9f5a      	MUL  R21,R26
000181 2d50      	MOV  R21,R0
000182 2fe2      	MOV  R30,R18
000183 53e0      	SUBI R30,LOW(48)
000184 0f5e      	ADD  R21,R30
000185 c0db      	RJMP _0x200001B
                 _0x2000029:
000186 2fe2      	MOV  R30,R18
000187 36e3      	CPI  R30,LOW(0x63)
000188 f449      	BRNE _0x200002F
000189 940e 0357 	CALL SUBOPT_0x2
00018b 89e8      	LDD  R30,Y+16
00018c 89f9      	LDD  R31,Y+16+1
00018d 81a4      	LDD  R26,Z+4
00018e 93aa      	ST   -Y,R26
00018f 940e 035d 	CALL SUBOPT_0x3
000191 c0ce      	RJMP _0x2000030
                 _0x200002F:
000192 37e3      	CPI  R30,LOW(0x73)
000193 f441      	BRNE _0x2000032
000194 940e 0357 	CALL SUBOPT_0x2
000196 940e 0363 	CALL SUBOPT_0x4
000198 940e 032e 	CALL _strlen
00019a 2f1e      	MOV  R17,R30
00019b c00a      	RJMP _0x2000033
                 _0x2000032:
00019c 37e0      	CPI  R30,LOW(0x70)
00019d f461      	BRNE _0x2000035
00019e 940e 0357 	CALL SUBOPT_0x2
0001a0 940e 0363 	CALL SUBOPT_0x4
0001a2 940e 033a 	CALL _strlenf
0001a4 2f1e      	MOV  R17,R30
0001a5 6008      	ORI  R16,LOW(8)
                 _0x2000033:
0001a6 6002      	ORI  R16,LOW(2)
0001a7 770f      	ANDI R16,LOW(127)
0001a8 e030      	LDI  R19,LOW(0)
0001a9 c034      	RJMP _0x2000036
                 _0x2000035:
0001aa 36e4      	CPI  R30,LOW(0x64)
0001ab f011      	BREQ _0x2000039
0001ac 36e9      	CPI  R30,LOW(0x69)
0001ad f411      	BRNE _0x200003A
                 _0x2000039:
0001ae 6004      	ORI  R16,LOW(4)
0001af c002      	RJMP _0x200003B
                 _0x200003A:
0001b0 37e5      	CPI  R30,LOW(0x75)
0001b1 f431      	BRNE _0x200003C
                 _0x200003B:
0001b2 e5e4      	LDI  R30,LOW(_tbl10_G100*2)
0001b3 e0f0      	LDI  R31,HIGH(_tbl10_G100*2)
0001b4 83ee      	STD  Y+6,R30
0001b5 83ff      	STD  Y+6+1,R31
0001b6 e015      	LDI  R17,LOW(5)
0001b7 c00c      	RJMP _0x200003D
                 _0x200003C:
0001b8 35e8      	CPI  R30,LOW(0x58)
0001b9 f411      	BRNE _0x200003F
0001ba 6008      	ORI  R16,LOW(8)
0001bb c003      	RJMP _0x2000040
                 _0x200003F:
0001bc 37e8      	CPI  R30,LOW(0x78)
0001bd f009      	BREQ PC+2
0001be c0a1      	RJMP _0x2000071
                 _0x2000040:
0001bf e5ee      	LDI  R30,LOW(_tbl16_G100*2)
0001c0 e0f0      	LDI  R31,HIGH(_tbl16_G100*2)
0001c1 83ee      	STD  Y+6,R30
0001c2 83ff      	STD  Y+6+1,R31
0001c3 e014      	LDI  R17,LOW(4)
                 _0x200003D:
0001c4 ff02      	SBRS R16,2
0001c5 c014      	RJMP _0x2000042
0001c6 940e 0357 	CALL SUBOPT_0x2
0001c8 940e 036d 	CALL SUBOPT_0x5
0001ca 85ab      	LDD  R26,Y+11
0001cb 23aa      	TST  R26
0001cc f43a      	BRPL _0x2000043
0001cd 85ea      	LDD  R30,Y+10
0001ce 85fb      	LDD  R31,Y+10+1
0001cf 940e 0398 	CALL __ANEGW1
0001d1 87ea      	STD  Y+10,R30
0001d2 87fb      	STD  Y+10+1,R31
0001d3 e24d      	LDI  R20,LOW(45)
                 _0x2000043:
0001d4 3040      	CPI  R20,0
0001d5 f011      	BREQ _0x2000044
0001d6 5f1f      	SUBI R17,-LOW(1)
0001d7 c001      	RJMP _0x2000045
                 _0x2000044:
0001d8 7f0b      	ANDI R16,LOW(251)
                 _0x2000045:
0001d9 c004      	RJMP _0x2000046
                 _0x2000042:
0001da 940e 0357 	CALL SUBOPT_0x2
0001dc 940e 036d 	CALL SUBOPT_0x5
                 _0x2000046:
                 _0x2000036:
0001de fd00      	SBRC R16,0
0001df c011      	RJMP _0x2000047
                 _0x2000048:
0001e0 1715      	CP   R17,R21
0001e1 f478      	BRSH _0x200004A
0001e2 ff07      	SBRS R16,7
0001e3 c008      	RJMP _0x200004B
0001e4 ff02      	SBRS R16,2
0001e5 c004      	RJMP _0x200004C
0001e6 7f0b      	ANDI R16,LOW(251)
0001e7 2f24      	MOV  R18,R20
0001e8 5011      	SUBI R17,LOW(1)
0001e9 c001      	RJMP _0x200004D
                 _0x200004C:
0001ea e320      	LDI  R18,LOW(48)
                 _0x200004D:
0001eb c001      	RJMP _0x200004E
                 _0x200004B:
0001ec e220      	LDI  R18,LOW(32)
                 _0x200004E:
0001ed 940e 0350 	CALL SUBOPT_0x1
0001ef 5051      	SUBI R21,LOW(1)
0001f0 cfef      	RJMP _0x2000048
                 _0x200004A:
                 _0x2000047:
0001f1 2f31      	MOV  R19,R17
0001f2 ff01      	SBRS R16,1
0001f3 c017      	RJMP _0x200004F
                 _0x2000050:
0001f4 3030      	CPI  R19,0
0001f5 f0a1      	BREQ _0x2000052
0001f6 ff03      	SBRS R16,3
0001f7 c006      	RJMP _0x2000053
0001f8 81ee      	LDD  R30,Y+6
0001f9 81ff      	LDD  R31,Y+6+1
0001fa 9125      	LPM  R18,Z+
0001fb 83ee      	STD  Y+6,R30
0001fc 83ff      	STD  Y+6+1,R31
0001fd c005      	RJMP _0x2000054
                 _0x2000053:
0001fe 81ae      	LDD  R26,Y+6
0001ff 81bf      	LDD  R27,Y+6+1
000200 912d      	LD   R18,X+
000201 83ae      	STD  Y+6,R26
000202 83bf      	STD  Y+6+1,R27
                 _0x2000054:
000203 940e 0350 	CALL SUBOPT_0x1
000205 3050      	CPI  R21,0
000206 f009      	BREQ _0x2000055
000207 5051      	SUBI R21,LOW(1)
                 _0x2000055:
000208 5031      	SUBI R19,LOW(1)
000209 cfea      	RJMP _0x2000050
                 _0x2000052:
00020a c04b      	RJMP _0x2000056
                 _0x200004F:
                 _0x2000058:
00020b e320      	LDI  R18,LOW(48)
00020c 81ee      	LDD  R30,Y+6
00020d 81ff      	LDD  R31,Y+6+1
00020e 940e 03ca 	CALL __GETW1PF
000210 87e8      	STD  Y+8,R30
000211 87f9      	STD  Y+8+1,R31
000212 81ee      	LDD  R30,Y+6
000213 81ff      	LDD  R31,Y+6+1
000214 9632      	ADIW R30,2
000215 83ee      	STD  Y+6,R30
000216 83ff      	STD  Y+6+1,R31
                 _0x200005A:
000217 85e8      	LDD  R30,Y+8
000218 85f9      	LDD  R31,Y+8+1
000219 85aa      	LDD  R26,Y+10
00021a 85bb      	LDD  R27,Y+10+1
00021b 17ae      	CP   R26,R30
00021c 07bf      	CPC  R27,R31
00021d f050      	BRLO _0x200005C
00021e 5f2f      	SUBI R18,-LOW(1)
00021f 85a8      	LDD  R26,Y+8
000220 85b9      	LDD  R27,Y+8+1
000221 85ea      	LDD  R30,Y+10
000222 85fb      	LDD  R31,Y+10+1
000223 1bea      	SUB  R30,R26
000224 0bfb      	SBC  R31,R27
000225 87ea      	STD  Y+10,R30
000226 87fb      	STD  Y+10+1,R31
000227 cfef      	RJMP _0x200005A
                 _0x200005C:
000228 332a      	CPI  R18,58
000229 f028      	BRLO _0x200005D
00022a ff03      	SBRS R16,3
00022b c002      	RJMP _0x200005E
00022c 5f29      	SUBI R18,-LOW(7)
00022d c001      	RJMP _0x200005F
                 _0x200005E:
00022e 5d29      	SUBI R18,-LOW(39)
                 _0x200005F:
                 _0x200005D:
00022f fd04      	SBRC R16,4
000230 c01a      	RJMP _0x2000061
000231 3321      	CPI  R18,49
000232 f420      	BRSH _0x2000063
000233 85a8      	LDD  R26,Y+8
000234 85b9      	LDD  R27,Y+8+1
000235 9711      	SBIW R26,1
000236 f409      	BRNE _0x2000062
                 _0x2000063:
000237 c009      	RJMP _0x20000CD
                 _0x2000062:
000238 1753      	CP   R21,R19
000239 f010      	BRLO _0x2000067
00023a ff00      	SBRS R16,0
00023b c001      	RJMP _0x2000068
                 _0x2000067:
00023c c013      	RJMP _0x2000066
                 _0x2000068:
00023d e220      	LDI  R18,LOW(32)
00023e ff07      	SBRS R16,7
00023f c00b      	RJMP _0x2000069
000240 e320      	LDI  R18,LOW(48)
                 _0x20000CD:
000241 6100      	ORI  R16,LOW(16)
000242 ff02      	SBRS R16,2
000243 c007      	RJMP _0x200006A
000244 7f0b      	ANDI R16,LOW(251)
000245 934a      	ST   -Y,R20
000246 940e 035d 	CALL SUBOPT_0x3
000248 3050      	CPI  R21,0
000249 f009      	BREQ _0x200006B
00024a 5051      	SUBI R21,LOW(1)
                 _0x200006B:
                 _0x200006A:
                 _0x2000069:
                 _0x2000061:
00024b 940e 0350 	CALL SUBOPT_0x1
00024d 3050      	CPI  R21,0
00024e f009      	BREQ _0x200006C
00024f 5051      	SUBI R21,LOW(1)
                 _0x200006C:
                 _0x2000066:
000250 5031      	SUBI R19,LOW(1)
000251 85a8      	LDD  R26,Y+8
000252 85b9      	LDD  R27,Y+8+1
000253 9712      	SBIW R26,2
000254 f008      	BRLO _0x2000059
000255 cfb5      	RJMP _0x2000058
                 _0x2000059:
                 _0x2000056:
000256 ff00      	SBRS R16,0
000257 c008      	RJMP _0x200006D
                 _0x200006E:
000258 3050      	CPI  R21,0
000259 f031      	BREQ _0x2000070
00025a 5051      	SUBI R21,LOW(1)
00025b e2e0      	LDI  R30,LOW(32)
00025c 93ea      	ST   -Y,R30
00025d 940e 035d 	CALL SUBOPT_0x3
00025f cff8      	RJMP _0x200006E
                 _0x2000070:
                 _0x200006D:
                 _0x2000071:
                 _0x2000030:
                 _0x20000CC:
000260 e010      	LDI  R17,LOW(0)
                 _0x200001B:
000261 cee0      	RJMP _0x2000016
                 _0x2000018:
000262 85ac      	LDD  R26,Y+12
000263 85bd      	LDD  R27,Y+12+1
000264 940e 03c6 	CALL __GETW1P
000266 940e 03da 	CALL __LOADLOCR6
000268 9664      	ADIW R28,20
000269 9508      	RET
                 ; .FEND
                 _sprintf:
                 ; .FSTART _sprintf
00026a 92ff      	PUSH R15
00026b 2ef8      	MOV  R15,R24
00026c 9726      	SBIW R28,6
00026d 940e 03d5 	CALL __SAVELOCR4
00026f 940e 0375 	CALL SUBOPT_0x6
000271 9730      	SBIW R30,0
000272 f419      	BRNE _0x2000072
000273 efef      	LDI  R30,LOW(65535)
000274 efff      	LDI  R31,HIGH(65535)
000275 c023      	RJMP _0x2080002
                 _0x2000072:
000276 01de      	MOVW R26,R28
000277 9616      	ADIW R26,6
000278 940e 0394 	CALL __ADDW2R15
00027a 018d      	MOVW R16,R26
00027b 940e 0375 	CALL SUBOPT_0x6
00027d 83ee      	STD  Y+6,R30
00027e 83ff      	STD  Y+6+1,R31
00027f e0e0      	LDI  R30,LOW(0)
000280 87e8      	STD  Y+8,R30
000281 87e9      	STD  Y+8+1,R30
000282 01de      	MOVW R26,R28
000283 961a      	ADIW R26,10
000284 940e 0394 	CALL __ADDW2R15
000286 940e 03c6 	CALL __GETW1P
000288 93fa      	ST   -Y,R31
000289 93ea      	ST   -Y,R30
00028a 931a      	ST   -Y,R17
00028b 930a      	ST   -Y,R16
00028c efe6      	LDI  R30,LOW(_put_buff_G100)
00028d e0f0      	LDI  R31,HIGH(_put_buff_G100)
00028e 93fa      	ST   -Y,R31
00028f 93ea      	ST   -Y,R30
000290 01de      	MOVW R26,R28
000291 961a      	ADIW R26,10
000292 dea3      	RCALL __print_G100
000293 019f      	MOVW R18,R30
000294 81ae      	LDD  R26,Y+6
000295 81bf      	LDD  R27,Y+6+1
000296 e0e0      	LDI  R30,LOW(0)
000297 93ec      	ST   X,R30
000298 01f9      	MOVW R30,R18
                 _0x2080002:
000299 940e 03dc 	CALL __LOADLOCR4
00029b 962a      	ADIW R28,10
00029c 90ff      	POP  R15
00029d 9508      	RET
                 ; .FEND
                 	#ifndef __SLEEP_DEFINED__
                 	#endif
                 
                 	.DSEG
                 
                 	.CSEG
                 __lcd_write_nibble_G101:
                 ; .FSTART __lcd_write_nibble_G101
00029e 93aa      	ST   -Y,R26
00029f b3e5      	IN   R30,0x15
0002a0 70ef      	ANDI R30,LOW(0xF)
0002a1 2fae      	MOV  R26,R30
0002a2 81e8      	LD   R30,Y
0002a3 7fe0      	ANDI R30,LOW(0xF0)
0002a4 2bea      	OR   R30,R26
0002a5 bbe5      	OUT  0x15,R30
                +
0002a6 e08d     +LDI R24 , LOW ( 13 )
                +__DELAY_USB_LOOP :
0002a7 958a     +DEC R24
0002a8 f7f1     +BRNE __DELAY_USB_LOOP
                 	__DELAY_USB 13
0002a9 9aaa      	SBI  0x15,2
                +
0002aa e08d     +LDI R24 , LOW ( 13 )
                +__DELAY_USB_LOOP :
0002ab 958a     +DEC R24
0002ac f7f1     +BRNE __DELAY_USB_LOOP
                 	__DELAY_USB 13
0002ad 98aa      	CBI  0x15,2
                +
0002ae e08d     +LDI R24 , LOW ( 13 )
                +__DELAY_USB_LOOP :
0002af 958a     +DEC R24
0002b0 f7f1     +BRNE __DELAY_USB_LOOP
                 	__DELAY_USB 13
0002b1 c07a      	RJMP _0x2080001
                 ; .FEND
                 __lcd_write_data:
                 ; .FSTART __lcd_write_data
0002b2 93aa      	ST   -Y,R26
0002b3 81a8      	LD   R26,Y
0002b4 dfe9      	RCALL __lcd_write_nibble_G101
0002b5 81e8          ld    r30,y
0002b6 95e2          swap  r30
0002b7 83e8          st    y,r30
0002b8 81a8      	LD   R26,Y
0002b9 dfe4      	RCALL __lcd_write_nibble_G101
                +
0002ba e885     +LDI R24 , LOW ( 133 )
                +__DELAY_USB_LOOP :
0002bb 958a     +DEC R24
0002bc f7f1     +BRNE __DELAY_USB_LOOP
                 	__DELAY_USB 133
0002bd c06e      	RJMP _0x2080001
                 ; .FEND
                 _lcd_gotoxy:
                 ; .FSTART _lcd_gotoxy
0002be 93aa      	ST   -Y,R26
0002bf 81e8      	LD   R30,Y
0002c0 e0f0      	LDI  R31,0
0002c1 58e0      	SUBI R30,LOW(-__base_y_G101)
0002c2 4ffe      	SBCI R31,HIGH(-__base_y_G101)
0002c3 81e0      	LD   R30,Z
0002c4 81a9      	LDD  R26,Y+1
0002c5 0fae      	ADD  R26,R30
0002c6 dfeb      	RCALL __lcd_write_data
0002c7 80d9      	LDD  R13,Y+1
0002c8 80c8      	LDD  R12,Y+0
0002c9 9622      	ADIW R28,2
0002ca 9508      	RET
                 ; .FEND
                 _lcd_clear:
                 ; .FSTART _lcd_clear
0002cb e0a2      	LDI  R26,LOW(2)
0002cc 940e 037c 	CALL SUBOPT_0x7
0002ce e0ac      	LDI  R26,LOW(12)
0002cf dfe2      	RCALL __lcd_write_data
0002d0 e0a1      	LDI  R26,LOW(1)
0002d1 940e 037c 	CALL SUBOPT_0x7
0002d3 e0e0      	LDI  R30,LOW(0)
0002d4 2ece      	MOV  R12,R30
0002d5 2ede      	MOV  R13,R30
0002d6 9508      	RET
                 ; .FEND
                 _lcd_putchar:
                 ; .FSTART _lcd_putchar
0002d7 93aa      	ST   -Y,R26
0002d8 81a8      	LD   R26,Y
0002d9 30aa      	CPI  R26,LOW(0xA)
0002da f021      	BREQ _0x2020005
0002db 91e0 0184 	LDS  R30,__lcd_maxx
0002dd 16de      	CP   R13,R30
0002de f048      	BRLO _0x2020004
                 _0x2020005:
0002df e0e0      	LDI  R30,LOW(0)
0002e0 93ea      	ST   -Y,R30
0002e1 94c3      	INC  R12
0002e2 2dac      	MOV  R26,R12
0002e3 dfda      	RCALL _lcd_gotoxy
0002e4 81a8      	LD   R26,Y
0002e5 30aa      	CPI  R26,LOW(0xA)
0002e6 f409      	BRNE _0x2020007
0002e7 c044      	RJMP _0x2080001
                 _0x2020007:
                 _0x2020004:
0002e8 94d3      	INC  R13
0002e9 9aa8      	SBI  0x15,0
0002ea 81a8      	LD   R26,Y
0002eb dfc6      	RCALL __lcd_write_data
0002ec 98a8      	CBI  0x15,0
0002ed c03e      	RJMP _0x2080001
                 ; .FEND
                 _lcd_puts:
                 ; .FSTART _lcd_puts
0002ee 93ba      	ST   -Y,R27
0002ef 93aa      	ST   -Y,R26
0002f0 931a      	ST   -Y,R17
                 _0x2020008:
0002f1 81a9      	LDD  R26,Y+1
0002f2 81ba      	LDD  R27,Y+1+1
0002f3 91ed      	LD   R30,X+
0002f4 83a9      	STD  Y+1,R26
0002f5 83ba      	STD  Y+1+1,R27
0002f6 2f1e      	MOV  R17,R30
0002f7 30e0      	CPI  R30,0
0002f8 f019      	BREQ _0x202000A
0002f9 2fa1      	MOV  R26,R17
0002fa dfdc      	RCALL _lcd_putchar
0002fb cff5      	RJMP _0x2020008
                 _0x202000A:
0002fc 8118      	LDD  R17,Y+0
0002fd 9623      	ADIW R28,3
0002fe 9508      	RET
                 ; .FEND
                 _lcd_init:
                 ; .FSTART _lcd_init
0002ff 93aa      	ST   -Y,R26
000300 b3e4      	IN   R30,0x14
000301 6fe0      	ORI  R30,LOW(0xF0)
000302 bbe4      	OUT  0x14,R30
000303 9aa2      	SBI  0x14,2
000304 9aa0      	SBI  0x14,0
000305 9aa1      	SBI  0x14,1
000306 98aa      	CBI  0x15,2
000307 98a8      	CBI  0x15,0
000308 98a9      	CBI  0x15,1
000309 81e8      	LD   R30,Y
00030a 93e0 0184 	STS  __lcd_maxx,R30
00030c 58e0      	SUBI R30,-LOW(128)
                +
00030d 93e0 0182+STS __base_y_G101 + ( 2 ) , R30
                 	__PUTB1MN __base_y_G101,2
00030f 81e8      	LD   R30,Y
000310 54e0      	SUBI R30,-LOW(192)
                +
000311 93e0 0183+STS __base_y_G101 + ( 3 ) , R30
                 	__PUTB1MN __base_y_G101,3
000313 e1a4      	LDI  R26,LOW(20)
000314 e0b0      	LDI  R27,0
000315 940e 038a 	CALL _delay_ms
000317 940e 0382 	CALL SUBOPT_0x8
000319 940e 0382 	CALL SUBOPT_0x8
00031b 940e 0382 	CALL SUBOPT_0x8
00031d e2a0      	LDI  R26,LOW(32)
00031e df7f      	RCALL __lcd_write_nibble_G101
                +
00031f ec88     +LDI R24 , LOW ( 200 )
000320 e090     +LDI R25 , HIGH ( 200 )
                +__DELAY_USW_LOOP :
000321 9701     +SBIW R24 , 1
000322 f7f1     +BRNE __DELAY_USW_LOOP
                 	__DELAY_USW 200
000323 e2a8      	LDI  R26,LOW(40)
000324 df8d      	RCALL __lcd_write_data
000325 e0a4      	LDI  R26,LOW(4)
000326 df8b      	RCALL __lcd_write_data
000327 e8a5      	LDI  R26,LOW(133)
000328 df89      	RCALL __lcd_write_data
000329 e0a6      	LDI  R26,LOW(6)
00032a df87      	RCALL __lcd_write_data
00032b df9f      	RCALL _lcd_clear
                 _0x2080001:
00032c 9621      	ADIW R28,1
00032d 9508      	RET
                 ; .FEND
                 
                 	.CSEG
                 
                 	.CSEG
                 _strlen:
                 ; .FSTART _strlen
00032e 93ba      	ST   -Y,R27
00032f 93aa      	ST   -Y,R26
000330 91a9          ld   r26,y+
000331 91b9          ld   r27,y+
000332 27ee          clr  r30
000333 27ff          clr  r31
                 strlen0:
000334 916d          ld   r22,x+
000335 2366          tst  r22
000336 f011          breq strlen1
000337 9631          adiw r30,1
000338 cffb          rjmp strlen0
                 strlen1:
000339 9508          ret
                 ; .FEND
                 _strlenf:
                 ; .FSTART _strlenf
00033a 93ba      	ST   -Y,R27
00033b 93aa      	ST   -Y,R26
00033c 27aa          clr  r26
00033d 27bb          clr  r27
00033e 91e9          ld   r30,y+
00033f 91f9          ld   r31,y+
                 strlenf0:
000340 9005      	lpm  r0,z+
000341 2000          tst  r0
000342 f011          breq strlenf1
000343 9611          adiw r26,1
000344 cffb          rjmp strlenf0
                 strlenf1:
000345 01fd          movw r30,r26
000346 9508          ret
                 ; .FEND
                 
                 	.DSEG
                 _frequency:
00016c           	.BYTE 0x4
                 _str:
000170           	.BYTE 0x10
                 __base_y_G101:
000180           	.BYTE 0x4
                 __lcd_maxx:
000184           	.BYTE 0x1
                 
                 	.CSEG
                 ;OPTIMIZER ADDED SUBROUTINE, CALLED 3 TIMES, CODE SIZE REDUCTION:9 WORDS
                 SUBOPT_0x0:
000347 b5e7      	IN   R30,0x27
000348 2ffe      	MOV  R31,R30
000349 e0e0      	LDI  R30,0
00034a 01df      	MOVW R26,R30
00034b b5e6      	IN   R30,0x26
00034c e0f0      	LDI  R31,0
00034d 0fea      	ADD  R30,R26
00034e 1ffb      	ADC  R31,R27
00034f 9508      	RET
                 
                 ;OPTIMIZER ADDED SUBROUTINE, CALLED 5 TIMES, CODE SIZE REDUCTION:13 WORDS
                 SUBOPT_0x1:
000350 932a      	ST   -Y,R18
000351 85ad      	LDD  R26,Y+13
000352 85be      	LDD  R27,Y+13+1
000353 85ef      	LDD  R30,Y+15
000354 89f8      	LDD  R31,Y+15+1
000355 9509      	ICALL
000356 9508      	RET
                 
                 ;OPTIMIZER ADDED SUBROUTINE, CALLED 5 TIMES, CODE SIZE REDUCTION:9 WORDS
                 SUBOPT_0x2:
000357 89e8      	LDD  R30,Y+16
000358 89f9      	LDD  R31,Y+16+1
000359 9734      	SBIW R30,4
00035a 8be8      	STD  Y+16,R30
00035b 8bf9      	STD  Y+16+1,R31
00035c 9508      	RET
                 
                 ;OPTIMIZER ADDED SUBROUTINE, CALLED 3 TIMES, CODE SIZE REDUCTION:3 WORDS
                 SUBOPT_0x3:
00035d 85ad      	LDD  R26,Y+13
00035e 85be      	LDD  R27,Y+13+1
00035f 85ef      	LDD  R30,Y+15
000360 89f8      	LDD  R31,Y+15+1
000361 9509      	ICALL
000362 9508      	RET
                 
                 ;OPTIMIZER ADDED SUBROUTINE, CALLED 2 TIMES, CODE SIZE REDUCTION:4 WORDS
                 SUBOPT_0x4:
000363 89a8      	LDD  R26,Y+16
000364 89b9      	LDD  R27,Y+16+1
000365 9614      	ADIW R26,4
000366 940e 03c6 	CALL __GETW1P
000368 83ee      	STD  Y+6,R30
000369 83ff      	STD  Y+6+1,R31
00036a 81ae      	LDD  R26,Y+6
00036b 81bf      	LDD  R27,Y+6+1
00036c 9508      	RET
                 
                 ;OPTIMIZER ADDED SUBROUTINE, CALLED 2 TIMES, CODE SIZE REDUCTION:2 WORDS
                 SUBOPT_0x5:
00036d 89a8      	LDD  R26,Y+16
00036e 89b9      	LDD  R27,Y+16+1
00036f 9614      	ADIW R26,4
000370 940e 03c6 	CALL __GETW1P
000372 87ea      	STD  Y+10,R30
000373 87fb      	STD  Y+10+1,R31
000374 9508      	RET
                 
                 ;OPTIMIZER ADDED SUBROUTINE, CALLED 2 TIMES, CODE SIZE REDUCTION:1 WORDS
                 SUBOPT_0x6:
000375 01de      	MOVW R26,R28
000376 961c      	ADIW R26,12
000377 940e 0394 	CALL __ADDW2R15
000379 940e 03c6 	CALL __GETW1P
00037b 9508      	RET
                 
                 ;OPTIMIZER ADDED SUBROUTINE, CALLED 2 TIMES, CODE SIZE REDUCTION:1 WORDS
                 SUBOPT_0x7:
00037c 940e 02b2 	CALL __lcd_write_data
00037e e0a3      	LDI  R26,LOW(3)
00037f e0b0      	LDI  R27,0
000380 940c 038a 	JMP  _delay_ms
                 
                 ;OPTIMIZER ADDED SUBROUTINE, CALLED 3 TIMES, CODE SIZE REDUCTION:7 WORDS
                 SUBOPT_0x8:
000382 e3a0      	LDI  R26,LOW(48)
000383 940e 029e 	CALL __lcd_write_nibble_G101
                +
000385 ec88     +LDI R24 , LOW ( 200 )
000386 e090     +LDI R25 , HIGH ( 200 )
                +__DELAY_USW_LOOP :
000387 9701     +SBIW R24 , 1
000388 f7f1     +BRNE __DELAY_USW_LOOP
                 	__DELAY_USW 200
000389 9508      	RET
                 
                 
                 	.CSEG
                 _delay_ms:
00038a 9610      	adiw r26,0
00038b f039      	breq __delay_ms1
                 __delay_ms0:
                +
00038c ed80     +LDI R24 , LOW ( 0x7D0 )
00038d e097     +LDI R25 , HIGH ( 0x7D0 )
                +__DELAY_USW_LOOP :
00038e 9701     +SBIW R24 , 1
00038f f7f1     +BRNE __DELAY_USW_LOOP
                 	__DELAY_USW 0x7D0
000390 95a8      	wdr
000391 9711      	sbiw r26,1
000392 f7c9      	brne __delay_ms0
                 __delay_ms1:
000393 9508      	ret
                 
                 __ADDW2R15:
000394 2400      	CLR  R0
000395 0daf      	ADD  R26,R15
000396 1db0      	ADC  R27,R0
000397 9508      	RET
                 
                 __ANEGW1:
000398 95f1      	NEG  R31
000399 95e1      	NEG  R30
00039a 40f0      	SBCI R31,0
00039b 9508      	RET
                 
                 __CWD1:
00039c 2f6f      	MOV  R22,R31
00039d 0f66      	ADD  R22,R22
00039e 0b66      	SBC  R22,R22
00039f 2f76      	MOV  R23,R22
0003a0 9508      	RET
                 
                 __DIVD21U:
0003a1 933f      	PUSH R19
0003a2 934f      	PUSH R20
0003a3 935f      	PUSH R21
0003a4 2400      	CLR  R0
0003a5 2411      	CLR  R1
0003a6 2744      	CLR  R20
0003a7 2755      	CLR  R21
0003a8 e230      	LDI  R19,32
                 __DIVD21U1:
0003a9 0faa      	LSL  R26
0003aa 1fbb      	ROL  R27
0003ab 1f88      	ROL  R24
0003ac 1f99      	ROL  R25
0003ad 1c00      	ROL  R0
0003ae 1c11      	ROL  R1
0003af 1f44      	ROL  R20
0003b0 1f55      	ROL  R21
0003b1 1a0e      	SUB  R0,R30
0003b2 0a1f      	SBC  R1,R31
0003b3 0b46      	SBC  R20,R22
0003b4 0b57      	SBC  R21,R23
0003b5 f428      	BRCC __DIVD21U2
0003b6 0e0e      	ADD  R0,R30
0003b7 1e1f      	ADC  R1,R31
0003b8 1f46      	ADC  R20,R22
0003b9 1f57      	ADC  R21,R23
0003ba c001      	RJMP __DIVD21U3
                 __DIVD21U2:
0003bb 60a1      	SBR  R26,1
                 __DIVD21U3:
0003bc 953a      	DEC  R19
0003bd f759      	BRNE __DIVD21U1
0003be 01fd      	MOVW R30,R26
0003bf 01bc      	MOVW R22,R24
0003c0 01d0      	MOVW R26,R0
0003c1 01ca      	MOVW R24,R20
0003c2 915f      	POP  R21
0003c3 914f      	POP  R20
0003c4 913f      	POP  R19
0003c5 9508      	RET
                 
                 __GETW1P:
0003c6 91ed      	LD   R30,X+
0003c7 91fc      	LD   R31,X
0003c8 9711      	SBIW R26,1
0003c9 9508      	RET
                 
                 __GETW1PF:
0003ca 9005      	LPM  R0,Z+
0003cb 91f4      	LPM  R31,Z
0003cc 2de0      	MOV  R30,R0
0003cd 9508      	RET
                 
                 __PUTPARD1:
0003ce 937a      	ST   -Y,R23
0003cf 936a      	ST   -Y,R22
0003d0 93fa      	ST   -Y,R31
0003d1 93ea      	ST   -Y,R30
0003d2 9508      	RET
                 
                 __SAVELOCR6:
0003d3 935a      	ST   -Y,R21
                 __SAVELOCR5:
0003d4 934a      	ST   -Y,R20
                 __SAVELOCR4:
0003d5 933a      	ST   -Y,R19
                 __SAVELOCR3:
0003d6 932a      	ST   -Y,R18
                 __SAVELOCR2:
0003d7 931a      	ST   -Y,R17
0003d8 930a      	ST   -Y,R16
0003d9 9508      	RET
                 
                 __LOADLOCR6:
0003da 815d      	LDD  R21,Y+5
                 __LOADLOCR5:
0003db 814c      	LDD  R20,Y+4
                 __LOADLOCR4:
0003dc 813b      	LDD  R19,Y+3
                 __LOADLOCR3:
0003dd 812a      	LDD  R18,Y+2
                 __LOADLOCR2:
0003de 8119      	LDD  R17,Y+1
0003df 8108      	LD   R16,Y
0003e0 9508      	RET
                 
                 ;END OF CODE MARKER
                 __END_OF_CODE:


RESOURCE USE INFORMATION
------------------------

Notice:
The register and instruction counts are symbol table hit counts,
and hence implicitly used resources are not counted, eg, the
'lpm' instruction without operands implicitly uses r0 and z,
none of which are counted.

x,y,z are separate entities in the symbol table and are
counted separately from r26..r31 here.

.dseg memory usage only counts static data declared with .byte

ATmega16 register use summary:
r0 :  16 r1 :   5 r2 :   0 r3 :   0 r4 :   3 r5 :   2 r6 :   3 r7 :   1 
r8 :   1 r9 :   0 r10:   1 r11:   0 r12:   4 r13:   4 r14:   0 r15:   4 
r16:  34 r17:  24 r18:  29 r19:  12 r20:  16 r21:  23 r22:  16 r23:   6 
r24:  27 r25:   7 r26: 107 r27:  42 r28:  14 r29:   1 r30: 214 r31:  68 
x  :  23 y  : 166 z  :  15 
Registers used: 30 out of 35 (85.7%)

ATmega16 instruction use summary:
.lds  :   0 .lds.l:   0 .sts  :   0 .sts.l:   0 adc   :   5 add   :   6 
adiw  :  24 and   :   0 andi  :   6 asr   :   0 bclr  :   0 bld   :   0 
brbc  :   0 brbs  :   0 brcc  :   1 brcs  :   0 break :   0 breq  :  17 
brge  :   0 brhc  :   0 brhs  :   0 brid  :   0 brie  :   0 brlo  :   8 
brlt  :   0 brmi  :   1 brne  :  31 brpl  :   1 brsh  :   3 brtc  :   0 
brts  :   0 brvc  :   0 brvs  :   0 bset  :   0 bst   :   0 call  :  60 
cbi   :   5 cbr   :   0 clc   :   0 clh   :   0 cli   :   1 cln   :   0 
clr   :  13 cls   :   0 clt   :   0 clv   :   0 clz   :   0 com   :   0 
cp    :   5 cpc   :   3 cpi   :  33 cpse  :   0 dec   :   6 des   :   0 
eor   :   0 fmul  :   0 fmuls :   0 fmulsu:   0 icall :   2 ijmp  :   0 
in    :   7 inc   :   2 jmp   :  23 ld    :  25 ldd   :  76 ldi   : 115 
lds   :   3 lpm   :  14 lsl   :   1 lsr   :   0 mov   :  20 movw  :  24 
mul   :   1 muls  :   0 mulsu :   0 neg   :   2 nop   :   0 or    :   1 
ori   :   7 out   :  33 pop   :   4 push  :   4 rcall :  14 ret   :  27 
reti  :   0 rjmp  :  63 rol   :   7 ror   :   0 sbc   :   6 sbci  :   2 
sbi   :   5 sbic  :   0 sbis  :   0 sbiw  :  19 sbr   :   1 sbrc  :   2 
sbrs  :  13 sec   :   0 seh   :   0 sei   :   0 sen   :   0 ser   :   0 
ses   :   0 set   :   0 sev   :   0 sez   :   0 sleep :   0 spm   :   0 
st    :  60 std   :  31 sts   :   7 sub   :   3 subi  :  16 swap  :   1 
tst   :   4 wdr   :   1 
Instructions used: 57 out of 116 (49.1%)

ATmega16 memory use summary [bytes]:
Segment   Begin    End      Code   Data   Used    Size   Use%
---------------------------------------------------------------
[.cseg] 0x000000 0x0007c2   1932     54   1986   16384  12.1%
[.dseg] 0x000060 0x000185      0     37     37    1024   3.6%
[.eseg] 0x000000 0x000000      0      0      0     512   0.0%

Assembly complete, 0 errors, 10 warnings
